C51 COMPILER V9.03   ADC_SIDE_RANGEFINDER_PM                                               05/06/2015 05:27:53 PAGE 1   


C51 COMPILER V9.03, COMPILATION OF MODULE ADC_SIDE_RANGEFINDER_PM
OBJECT MODULE PLACED IN .\DP8051_Keil_903\Debug\ADC_Side_Rangefinder_PM.obj
COMPILER INVOKED BY: C:\Program Files (x86)\Cypress\PSoC Creator\2.1\PSoC Creator\import\keil\pk51\9.03\C51\BIN\c51.exe 
                    -.\Generated_Source\PSoC3\ADC_Side_Rangefinder_PM.c NOIV LARGE MODDP2 OMF2 VB(1) PR(.\DP8051_Keil_903\Debug\ADC_Side_Rang
                    -efinder_PM.lst) CD DB NOIP OT(2,SIZE) INCDIR(Generated_Source\PSoC3) OJ(.\DP8051_Keil_903\Debug\ADC_Side_Rangefinder_PM.
                    -obj)

line level    source

   1          /*******************************************************************************
   2          * File Name: ADC_Side_Rangefinder_PM.c  
   3          * Version 2.30
   4          *
   5          * Description:
   6          *  This file provides the power manager source code to the API for the 
   7          *  Delta-Sigma ADC Component.
   8          *
   9          * Note:
  10          *
  11          *******************************************************************************
  12          * Copyright 2008-2012, Cypress Semiconductor Corporation.  All rights reserved.
  13          * You may use this file only in accordance with the license, terms, conditions, 
  14          * disclaimers, and limitations in the end user license agreement accompanying 
  15          * the software package with which this file was provided.
  16          ********************************************************************************/
  17          
  18          #include "ADC_Side_Rangefinder.h"
  19          
  20          static ADC_Side_Rangefinder_BACKUP_STRUCT ADC_Side_Rangefinder_backup = 
  21          {
  22              ADC_Side_Rangefinder_DISABLED,
  23              ADC_Side_Rangefinder_CFG1_DEC_CR
  24          };
  25          
  26          
  27          /*******************************************************************************  
  28          * Function Name: ADC_Side_Rangefinder_SaveConfig
  29          ********************************************************************************
  30          *
  31          * Summary:
  32          *  Save the register configuration which are not retention.
  33          * 
  34          * Parameters:
  35          *  void
  36          * 
  37          * Return:
  38          *  void
  39          *
  40          * Global variables:
  41          *  ADC_Side_Rangefinder_backup:  This global structure variable is used to store 
  42          *  configuration registers which are non retention whenever user wants to go 
  43          *  sleep mode by calling Sleep() API.
  44          *
  45          *******************************************************************************/
  46          void ADC_Side_Rangefinder_SaveConfig(void) 
  47          {
  48   1          ADC_Side_Rangefinder_backup.deccr = ADC_Side_Rangefinder_DEC_CR_REG;
  49   1      }
  50          
  51          
  52          /*******************************************************************************  
C51 COMPILER V9.03   ADC_SIDE_RANGEFINDER_PM                                               05/06/2015 05:27:53 PAGE 2   

  53          * Function Name: ADC_Side_Rangefinder_RestoreConfig
  54          ********************************************************************************
  55          *
  56          * Summary:
  57          *  Restore the register configurations which are not retention.
  58          * 
  59          * Parameters:
  60          *  void
  61          * 
  62          * Return:
  63          *  void
  64          *
  65          * Global variables:
  66          *  ADC_Side_Rangefinder_backup:  This global structure variable is used to restore 
  67          *  configuration registers which are non retention whenever user wants to switch 
  68          *  to active power mode by calling Wakeup() API.
  69          *
  70          *******************************************************************************/
  71          void ADC_Side_Rangefinder_RestoreConfig(void) 
  72          {
  73   1          ADC_Side_Rangefinder_DEC_CR_REG = ADC_Side_Rangefinder_backup.deccr;
  74   1      }
  75          
  76          
  77          /******************************************************************************* 
  78          * Function Name: ADC_Side_Rangefinder_Sleep
  79          ********************************************************************************
  80          *
  81          * Summary:
  82          *  Stops the operation of the block and saves the user configuration. 
  83          *  
  84          * Parameters:  
  85          *  void
  86          *
  87          * Return: 
  88          *  void
  89          *
  90          * Global variables:
  91          *  ADC_Side_Rangefinder_backup:  The structure field 'enableState' is modified 
  92          *  depending on the enable state of the block before entering to sleep mode.
  93          *
  94          *******************************************************************************/
  95          void ADC_Side_Rangefinder_Sleep(void) 
  96          {
  97   1          /* Save ADC enable state */
  98   1          if((ADC_Side_Rangefinder_ACT_PWR_DEC_EN == (ADC_Side_Rangefinder_PWRMGR_DEC_REG & ADC_Side_Rangefinder
             -_ACT_PWR_DEC_EN)) &&
  99   1             (ADC_Side_Rangefinder_ACT_PWR_DSM_EN == (ADC_Side_Rangefinder_PWRMGR_DSM_REG & ADC_Side_Rangefinder
             -_ACT_PWR_DSM_EN)))
 100   1          {
 101   2              /* Component is enabled */
 102   2              ADC_Side_Rangefinder_backup.enableState = ADC_Side_Rangefinder_ENABLED;
 103   2          }
 104   1          else
 105   1          {
 106   2              /* Component is disabled */
 107   2              ADC_Side_Rangefinder_backup.enableState = ADC_Side_Rangefinder_DISABLED;
 108   2          }
 109   1      
 110   1          /* Stop the configuration */
 111   1          ADC_Side_Rangefinder_Stop();
 112   1      
C51 COMPILER V9.03   ADC_SIDE_RANGEFINDER_PM                                               05/06/2015 05:27:53 PAGE 3   

 113   1          /* Save the user configuration */
 114   1          ADC_Side_Rangefinder_SaveConfig();
 115   1      }
 116          
 117          
 118          /******************************************************************************* 
 119          * Function Name: ADC_Side_Rangefinder_Wakeup
 120          ********************************************************************************
 121          *
 122          * Summary:
 123          *  Restores the user configuration and enables the power to the block.
 124          *  
 125          * Parameters:  
 126          *  void
 127          *
 128          * Return: 
 129          *  void
 130          *
 131          * Global variables:
 132          *  ADC_Side_Rangefinder_backup:  The structure field 'enableState' is used to 
 133          *  restore the enable state of block after wakeup from sleep mode.
 134          *
 135          *******************************************************************************/
 136          void ADC_Side_Rangefinder_Wakeup(void) 
 137          {
 138   1          /* Restore the configuration */
 139   1          ADC_Side_Rangefinder_RestoreConfig();
 140   1      
 141   1          /* Enable's the component operation */
 142   1          if(ADC_Side_Rangefinder_backup.enableState == ADC_Side_Rangefinder_ENABLED)
 143   1          {
 144   2              ADC_Side_Rangefinder_Enable();
 145   2      
 146   2              /* Start the conversion only if conversion is not triggered by the hardware */
 147   2              if(!(ADC_Side_Rangefinder_DEC_CR_REG & ADC_Side_Rangefinder_DEC_XSTART_EN))
 148   2              {
 149   3                  ADC_Side_Rangefinder_StartConvert();
 150   3              }
 151   2      
 152   2          } /* Do nothing if component was disable before */
 153   1      }
 154          
 155          
 156          /* [] END OF FILE */
C51 COMPILER V9.03   ADC_SIDE_RANGEFINDER_PM                                               05/06/2015 05:27:53 PAGE 4   

ASSEMBLY LISTING OF GENERATED OBJECT CODE


             ; FUNCTION ADC_Side_Rangefinder_SaveConfig (BEGIN)
                                           ; SOURCE LINE # 46
                                           ; SOURCE LINE # 47
                                           ; SOURCE LINE # 48
0000 904E00            MOV     DPTR,#04E00H
0003 E0                MOVX    A,@DPTR
0004 FF                MOV     R7,A
0005 900000      R     MOV     DPTR,#ADC_Side_Rangefinder_backup+01H
0008 EF                MOV     A,R7
0009 F0                MOVX    @DPTR,A
                                           ; SOURCE LINE # 49
000A 22                RET     
             ; FUNCTION ADC_Side_Rangefinder_SaveConfig (END)

             ; FUNCTION ADC_Side_Rangefinder_RestoreConfig (BEGIN)
                                           ; SOURCE LINE # 71
                                           ; SOURCE LINE # 72
                                           ; SOURCE LINE # 73
0000 900000      R     MOV     DPTR,#ADC_Side_Rangefinder_backup+01H
0003 E0                MOVX    A,@DPTR
0004 FF                MOV     R7,A
0005 904E00            MOV     DPTR,#04E00H
0008 EF                MOV     A,R7
0009 F0                MOVX    @DPTR,A
                                           ; SOURCE LINE # 74
000A 22                RET     
             ; FUNCTION ADC_Side_Rangefinder_RestoreConfig (END)

             ; FUNCTION ADC_Side_Rangefinder_Sleep (BEGIN)
                                           ; SOURCE LINE # 95
                                           ; SOURCE LINE # 96
                                           ; SOURCE LINE # 99
0000 9043AA            MOV     DPTR,#043AAH
0003 E0                MOVX    A,@DPTR
0004 FF                MOV     R7,A
0005 EF                MOV     A,R7
0006 5401              ANL     A,#01H
0008 FF                MOV     R7,A
0009 7E00              MOV     R6,#00H
000B EF                MOV     A,R7
000C 6401              XRL     A,#01H
000E 4E                ORL     A,R6
000F 7019              JNZ     ?C0003
0011 9043AA            MOV     DPTR,#043AAH
0014 E0                MOVX    A,@DPTR
0015 FF                MOV     R7,A
0016 EF                MOV     A,R7
0017 5410              ANL     A,#010H
0019 FF                MOV     R7,A
001A 7E00              MOV     R6,#00H
001C EF                MOV     A,R7
001D 6410              XRL     A,#010H
001F 4E                ORL     A,R6
0020 7008              JNZ     ?C0003
                                           ; SOURCE LINE # 100
                                           ; SOURCE LINE # 102
0022 900000      R     MOV     DPTR,#ADC_Side_Rangefinder_backup
0025 7401              MOV     A,#01H
0027 F0                MOVX    @DPTR,A
C51 COMPILER V9.03   ADC_SIDE_RANGEFINDER_PM                                               05/06/2015 05:27:53 PAGE 5   

                                           ; SOURCE LINE # 103
0028 8005              SJMP    ?C0004
002A         ?C0003:
                                           ; SOURCE LINE # 105
                                           ; SOURCE LINE # 107
002A 900000      R     MOV     DPTR,#ADC_Side_Rangefinder_backup
002D E4                CLR     A
002E F0                MOVX    @DPTR,A
                                           ; SOURCE LINE # 108
002F         ?C0004:
                                           ; SOURCE LINE # 111
002F 120000      E     LCALL   ADC_Side_Rangefinder_Stop
                                           ; SOURCE LINE # 114
0032 120000      R     LCALL   ADC_Side_Rangefinder_SaveConfig
                                           ; SOURCE LINE # 115
0035 22                RET     
             ; FUNCTION ADC_Side_Rangefinder_Sleep (END)

             ; FUNCTION ADC_Side_Rangefinder_Wakeup (BEGIN)
                                           ; SOURCE LINE # 136
                                           ; SOURCE LINE # 137
                                           ; SOURCE LINE # 139
0000 120000      R     LCALL   ADC_Side_Rangefinder_RestoreConfig
                                           ; SOURCE LINE # 142
0003 900000      R     MOV     DPTR,#ADC_Side_Rangefinder_backup
0006 E0                MOVX    A,@DPTR
0007 FF                MOV     R7,A
0008 EF                MOV     A,R7
0009 B40115            CJNE    A,#01H,?C0008
                                           ; SOURCE LINE # 143
                                           ; SOURCE LINE # 144
000C 120000      E     LCALL   ADC_Side_Rangefinder_Enable
                                           ; SOURCE LINE # 147
000F 904E00            MOV     DPTR,#04E00H
0012 E0                MOVX    A,@DPTR
0013 FF                MOV     R7,A
0014 EF                MOV     A,R7
0015 5402              ANL     A,#02H
0017 FF                MOV     R7,A
0018 7E00              MOV     R6,#00H
001A EF                MOV     A,R7
001B 4E                ORL     A,R6
001C 7003              JNZ     ?C0008
                                           ; SOURCE LINE # 148
                                           ; SOURCE LINE # 149
001E 120000      E     LCALL   ADC_Side_Rangefinder_StartConvert
                                           ; SOURCE LINE # 150
                                           ; SOURCE LINE # 152
                                           ; SOURCE LINE # 153
0021         ?C0008:
0021 22                RET     
             ; FUNCTION ADC_Side_Rangefinder_Wakeup (END)



MODULE INFORMATION:   STATIC OVERLAYABLE
   CODE SIZE        =    110    ----
   CONSTANT SIZE    =   ----    ----
   XDATA SIZE       =      2    ----
   PDATA SIZE       =   ----    ----
   DATA SIZE        =   ----    ----
   IDATA SIZE       =   ----    ----
C51 COMPILER V9.03   ADC_SIDE_RANGEFINDER_PM                                               05/06/2015 05:27:53 PAGE 6   

   BIT SIZE         =   ----    ----
   EDATA SIZE       =   ----    ----
   HDATA SIZE       =   ----    ----
   XDATA CONST SIZE =   ----    ----
   FAR CONST SIZE   =   ----    ----
END OF MODULE INFORMATION.


C51 COMPILATION COMPLETE.  0 WARNING(S),  0 ERROR(S)
