C51 COMPILER V9.03   ADC_SIDE_RANGEFINDER_INT                                              05/05/2015 16:29:03 PAGE 1   


C51 COMPILER V9.03, COMPILATION OF MODULE ADC_SIDE_RANGEFINDER_INT
OBJECT MODULE PLACED IN .\DP8051_Keil_903\Debug\ADC_Side_Rangefinder_INT.obj
COMPILER INVOKED BY: C:\Program Files (x86)\Cypress\PSoC Creator\2.1\PSoC Creator\import\keil\pk51\9.03\C51\BIN\c51.exe 
                    -.\Generated_Source\PSoC3\ADC_Side_Rangefinder_INT.c NOIV LARGE MODDP2 OMF2 VB(1) PR(.\DP8051_Keil_903\Debug\ADC_Side_Ran
                    -gefinder_INT.lst) CD DB NOIP OT(2,SIZE) INCDIR(Generated_Source\PSoC3) OJ(.\DP8051_Keil_903\Debug\ADC_Side_Rangefinder_I
                    -NT.obj)

line level    source

   1          /*******************************************************************************
   2          * File Name: ADC_Side_Rangefinder_INT.c  
   3          * Version 2.30
   4          *
   5          * Description:
   6          *  This file contains the code that operates during the ADC_DelSig interrupt 
   7          *  service routine.  
   8          *
   9          * Note:
  10          *
  11          *******************************************************************************
  12          * Copyright 2008-2012, Cypress Semiconductor Corporation.  All rights reserved.
  13          * You may use this file only in accordance with the license, terms, conditions, 
  14          * disclaimers, and limitations in the end user license agreement accompanying 
  15          * the software package with which this file was provided.
  16          ********************************************************************************/
  17          
  18          #include "ADC_Side_Rangefinder.h"  
  19          
  20          
  21          /*******************************************************************************
  22          * Custom Declarations and Variables
  23          * - add user inlcude files, prototypes and variables between the following 
  24          *   #START and #END tags
  25          *******************************************************************************/
  26          /* `#START ADC_SYS_VAR`  */
  27          
  28          /* `#END`  */
  29          
  30          
  31          /*****************************************************************************
  32          * Function Name: ADC_Side_Rangefinder_ISR1
  33          ******************************************************************************
  34          *
  35          * Summary:
  36          *  Handle Interrupt Service Routine.  
  37          *
  38          * Parameters:  
  39          *  void
  40          *
  41          * Return: 
  42          *  void 
  43          *
  44          * Reentrant: 
  45          *  No
  46          *
  47          *****************************************************************************/
  48          CY_ISR( ADC_Side_Rangefinder_ISR1)
  49          {
  50   1          /***************************************************************************
  51   1          *  Custom Code
  52   1          *  - add user ISR code between the following #START and #END tags
C51 COMPILER V9.03   ADC_SIDE_RANGEFINDER_INT                                              05/05/2015 16:29:03 PAGE 2   

  53   1          **************************************************************************/
  54   1          /* `#START MAIN_ADC_ISR1`  */
  55   1      
  56   1          /* `#END`  */
  57   1          
  58   1          /* Stop the conversion if conversion mode is single sample and resolution
  59   1             is above 16 bits. 
  60   1          */
  61   1          #if(ADC_Side_Rangefinder_CFG1_RESOLUTION > 16 && \
  62   1              ADC_Side_Rangefinder_CFG1_CONV_MODE == ADC_Side_Rangefinder_MODE_SINGLE_SAMPLE) 
                      ADC_Side_Rangefinder_StopConvert(); 
                  #endif /* Single sample conversion mode with resolution above 16 bits */         
  65   1              
  66   1      }
  67          
  68          
  69          /*****************************************************************************
  70          * Function Name: ADC_Side_Rangefinder_ISR2
  71          ******************************************************************************
  72          *
  73          * Summary:
  74          *  Handle Interrupt Service Routine.  
  75          *
  76          * Parameters:  
  77          *  void
  78          *
  79          * Return: 
  80          *  void 
  81          *
  82          * Reentrant: 
  83          *  No
  84          *
  85          *****************************************************************************/
  86          CY_ISR( ADC_Side_Rangefinder_ISR2)
  87          {
  88   1          /***************************************************************************
  89   1          *  Custom Code
  90   1          *  - add user ISR code between the following #START and #END tags
  91   1          **************************************************************************/
  92   1          /* `#START MAIN_ADC_ISR2`  */
  93   1      
  94   1          /* `#END`  */
  95   1          
  96   1          /* Stop the conversion conversion mode is single sample and resolution
  97   1             is above 16 bits.
  98   1          */
  99   1          #if(ADC_Side_Rangefinder_CFG2_RESOLUTION > 16 && \
 100   1              ADC_Side_Rangefinder_CFG2_CONVMODE == ADC_Side_Rangefinder_MODE_SINGLE_SAMPLE) 
                      ADC_Side_Rangefinder_StopConvert(); 
                  #endif /* Single sample conversion mode with resolution above 16 bits */
 103   1          
 104   1      }
 105          
 106          
 107          /*****************************************************************************
 108          * Function Name: ADC_Side_Rangefinder_ISR3
 109          ******************************************************************************
 110          *
 111          * Summary:
 112          *  Handle Interrupt Service Routine.  
 113          *
 114          * Parameters:  
C51 COMPILER V9.03   ADC_SIDE_RANGEFINDER_INT                                              05/05/2015 16:29:03 PAGE 3   

 115          *  void
 116          *
 117          * Return: 
 118          *  void 
 119          *
 120          * Reentrant: 
 121          *  No
 122          *
 123          *****************************************************************************/
 124          CY_ISR( ADC_Side_Rangefinder_ISR3)
 125          {
 126   1          /***************************************************************************
 127   1          *  Custom Code
 128   1          *  - add user ISR code between the following #START and #END tags
 129   1          **************************************************************************/
 130   1          /* `#START MAIN_ADC_ISR3`  */
 131   1      
 132   1          /* `#END`  */
 133   1      
 134   1          /* Stop the conversion if conversion mode is set to single sample and 
 135   1             resolution is above 16 bits. 
 136   1          */
 137   1          #if(ADC_Side_Rangefinder_CFG3_RESOLUTION > 16 && \
 138   1              ADC_Side_Rangefinder_CFG3_CONVMODE == ADC_Side_Rangefinder_MODE_SINGLE_SAMPLE) 
                      ADC_Side_Rangefinder_StopConvert(); 
                  #endif /* Single sample conversion mode with resolution above 16 bits */  
 141   1      }
 142          
 143          
 144          /*****************************************************************************
 145          * Function Name: ADC_Side_Rangefinder_ISR4
 146          ******************************************************************************
 147          *
 148          * Summary:
 149          *  Handle Interrupt Service Routine.  
 150          *
 151          * Parameters:  
 152          *  void
 153          *
 154          * Return: 
 155          *  void 
 156          *
 157          * Reentrant: 
 158          *  No
 159          *
 160          *****************************************************************************/
 161          CY_ISR( ADC_Side_Rangefinder_ISR4)
 162          {
 163   1          /***************************************************************************
 164   1          *  Custom Code
 165   1          *  - add user ISR code between the following #START and #END tags
 166   1          **************************************************************************/
 167   1          /* `#START MAIN_ADC_ISR4`  */
 168   1      
 169   1          /* `#END`  */
 170   1          
 171   1          /* Stop the conversion if conversion mode is set to single sample and 
 172   1             resolution is above 16 bits. 
 173   1          */
 174   1          #if(ADC_Side_Rangefinder_CFG4_RESOLUTION > 16 && \
 175   1              ADC_Side_Rangefinder_CFG4_CONVMODE == ADC_Side_Rangefinder_MODE_SINGLE_SAMPLE) 
                      ADC_Side_Rangefinder_StopConvert(); 
C51 COMPILER V9.03   ADC_SIDE_RANGEFINDER_INT                                              05/05/2015 16:29:03 PAGE 4   

                  #endif /* Single sample conversion mode with resolution above 16 bits */
 178   1      }
 179          
 180          
 181          /* [] END OF FILE */
C51 COMPILER V9.03   ADC_SIDE_RANGEFINDER_INT                                              05/05/2015 16:29:03 PAGE 5   

ASSEMBLY LISTING OF GENERATED OBJECT CODE


             ; FUNCTION ADC_Side_Rangefinder_ISR1 (BEGIN)
                                           ; SOURCE LINE # 48
                                           ; SOURCE LINE # 66
0000 32                RETI    
             ; FUNCTION ADC_Side_Rangefinder_ISR1 (END)

             ; FUNCTION ADC_Side_Rangefinder_ISR2 (BEGIN)
                                           ; SOURCE LINE # 86
                                           ; SOURCE LINE # 104
0000 32                RETI    
             ; FUNCTION ADC_Side_Rangefinder_ISR2 (END)

             ; FUNCTION ADC_Side_Rangefinder_ISR3 (BEGIN)
                                           ; SOURCE LINE # 124
                                           ; SOURCE LINE # 141
0000 32                RETI    
             ; FUNCTION ADC_Side_Rangefinder_ISR3 (END)

             ; FUNCTION ADC_Side_Rangefinder_ISR4 (BEGIN)
                                           ; SOURCE LINE # 161
                                           ; SOURCE LINE # 178
0000 32                RETI    
             ; FUNCTION ADC_Side_Rangefinder_ISR4 (END)



MODULE INFORMATION:   STATIC OVERLAYABLE
   CODE SIZE        =      4    ----
   CONSTANT SIZE    =   ----    ----
   XDATA SIZE       =   ----    ----
   PDATA SIZE       =   ----    ----
   DATA SIZE        =   ----    ----
   IDATA SIZE       =   ----    ----
   BIT SIZE         =   ----    ----
   EDATA SIZE       =   ----    ----
   HDATA SIZE       =   ----    ----
   XDATA CONST SIZE =   ----    ----
   FAR CONST SIZE   =   ----    ----
END OF MODULE INFORMATION.


C51 COMPILATION COMPLETE.  0 WARNING(S),  0 ERROR(S)
