C51 COMPILER V9.03   DRIVE_OUTPUT_2                                                        05/06/2015 20:00:56 PAGE 1   


C51 COMPILER V9.03, COMPILATION OF MODULE DRIVE_OUTPUT_2
OBJECT MODULE PLACED IN .\DP8051_Keil_903\Debug\drive_output_2.obj
COMPILER INVOKED BY: C:\Program Files (x86)\Cypress\PSoC Creator\2.1\PSoC Creator\import\keil\pk51\9.03\C51\BIN\c51.exe 
                    -.\Generated_Source\PSoC3\drive_output_2.c NOIV LARGE MODDP2 OMF2 VB(1) PR(.\DP8051_Keil_903\Debug\drive_output_2.lst) CD
                    - DB NOIP OT(2,SIZE) INCDIR(Generated_Source\PSoC3) OJ(.\DP8051_Keil_903\Debug\drive_output_2.obj)

line level    source

   1          /*******************************************************************************
   2          * File Name: drive_output_2.c  
   3          * Version 1.70
   4          *
   5          * Description:
   6          *  This file contains API to enable firmware control of a Pins component.
   7          *
   8          * Note:
   9          *
  10          ********************************************************************************
  11          * Copyright 2008-2010, Cypress Semiconductor Corporation.  All rights reserved.
  12          * You may use this file only in accordance with the license, terms, conditions, 
  13          * disclaimers, and limitations in the end user license agreement accompanying 
  14          * the software package with which this file was provided.
  15          ********************************************************************************/
  16          
  17          #include "cytypes.h"
  18          #include "drive_output_2.h"
  19          
  20          
  21          /*******************************************************************************
  22          * Function Name: drive_output_2_Write
  23          ********************************************************************************
  24          * Summary:
  25          *  Assign a new value to the digital port's data output register.  
  26          *
  27          * Parameters:  
  28          *  prtValue:  The value to be assigned to the Digital Port. 
  29          *
  30          * Return: 
  31          *  void 
  32          *  
  33          *******************************************************************************/
  34          void drive_output_2_Write(uint8 value) 
  35          {
  36   1          uint8 staticBits = drive_output_2_DR & ~drive_output_2_MASK;
  37   1          drive_output_2_DR = staticBits | ((value << drive_output_2_SHIFT) & drive_output_2_MASK);
  38   1      }
  39          
  40          
  41          /*******************************************************************************
  42          * Function Name: drive_output_2_SetDriveMode
  43          ********************************************************************************
  44          * Summary:
  45          *  Change the drive mode on the pins of the port.
  46          * 
  47          * Parameters:  
  48          *  mode:  Change the pins to this drive mode.
  49          *
  50          * Return: 
  51          *  void
  52          *
  53          *******************************************************************************/
C51 COMPILER V9.03   DRIVE_OUTPUT_2                                                        05/06/2015 20:00:56 PAGE 2   

  54          void drive_output_2_SetDriveMode(uint8 mode) 
  55          {
  56   1              CyPins_SetPinDriveMode(drive_output_2_0, mode);
  57   1      }
  58          
  59          
  60          /*******************************************************************************
  61          * Function Name: drive_output_2_Read
  62          ********************************************************************************
  63          * Summary:
  64          *  Read the current value on the pins of the Digital Port in right justified 
  65          *  form.
  66          *
  67          * Parameters:  
  68          *  void 
  69          *
  70          * Return: 
  71          *  Returns the current value of the Digital Port as a right justified number
  72          *  
  73          * Note:
  74          *  Macro drive_output_2_ReadPS calls this function. 
  75          *  
  76          *******************************************************************************/
  77          uint8 drive_output_2_Read(void) 
  78          {
  79   1          return (drive_output_2_PS & drive_output_2_MASK) >> drive_output_2_SHIFT;
  80   1      }
  81          
  82          
  83          /*******************************************************************************
  84          * Function Name: drive_output_2_ReadDataReg
  85          ********************************************************************************
  86          * Summary:
  87          *  Read the current value assigned to a Digital Port's data output register
  88          *
  89          * Parameters:  
  90          *  void 
  91          *
  92          * Return: 
  93          *  Returns the current value assigned to the Digital Port's data output register
  94          *  
  95          *******************************************************************************/
  96          uint8 drive_output_2_ReadDataReg(void) 
  97          {
  98   1          return (drive_output_2_DR & drive_output_2_MASK) >> drive_output_2_SHIFT;
  99   1      }
 100          
 101          
 102          /* If Interrupts Are Enabled for this Pins component */ 
 103          #if defined(drive_output_2_INTSTAT) 
              
                  /*******************************************************************************
                  * Function Name: drive_output_2_ClearInterrupt
                  ********************************************************************************
                  * Summary:
                  *  Clears any active interrupts attached to port and returns the value of the 
                  *  interrupt status register.
                  *
                  * Parameters:  
                  *  void 
                  *
                  * Return: 
C51 COMPILER V9.03   DRIVE_OUTPUT_2                                                        05/06/2015 20:00:56 PAGE 3   

                  *  Returns the value of the interrupt status register
                  *  
                  *******************************************************************************/
                  uint8 drive_output_2_ClearInterrupt(void) 
                  {
                      return (drive_output_2_INTSTAT & drive_output_2_MASK) >> drive_output_2_SHIFT;
                  }
              
              #endif /* If Interrupts Are Enabled for this Pins component */ 
 125          
 126          
 127          /* [] END OF FILE */ 
C51 COMPILER V9.03   DRIVE_OUTPUT_2                                                        05/06/2015 20:00:56 PAGE 4   

ASSEMBLY LISTING OF GENERATED OBJECT CODE


             ; FUNCTION _drive_output_2_Write (BEGIN)
                                           ; SOURCE LINE # 34
0000 900000      R     MOV     DPTR,#value
0003 EF                MOV     A,R7
0004 F0                MOVX    @DPTR,A
                                           ; SOURCE LINE # 35
                                           ; SOURCE LINE # 36
0005 905150            MOV     DPTR,#05150H
0008 E0                MOVX    A,@DPTR
0009 FF                MOV     R7,A
000A EF                MOV     A,R7
000B 547F              ANL     A,#07FH
000D FF                MOV     R7,A
000E 900000      R     MOV     DPTR,#staticBits
0011 EF                MOV     A,R7
0012 F0                MOVX    @DPTR,A
                                           ; SOURCE LINE # 37
0013 900000      R     MOV     DPTR,#value
0016 E0                MOVX    A,@DPTR
0017 FF                MOV     R7,A
0018 EF                MOV     A,R7
0019 C4                SWAP    A
001A 33                RLC     A
001B 33                RLC     A
001C 33                RLC     A
001D 5480              ANL     A,#080H
001F FF                MOV     R7,A
0020 EF                MOV     A,R7
0021 5480              ANL     A,#080H
0023 FF                MOV     R7,A
0024 900000      R     MOV     DPTR,#staticBits
0027 E0                MOVX    A,@DPTR
0028 FE                MOV     R6,A
0029 EF                MOV     A,R7
002A 4E                ORL     A,R6
002B FF                MOV     R7,A
002C 905150            MOV     DPTR,#05150H
002F EF                MOV     A,R7
0030 F0                MOVX    @DPTR,A
                                           ; SOURCE LINE # 38
0031 22                RET     
             ; FUNCTION _drive_output_2_Write (END)

             ; FUNCTION _drive_output_2_SetDriveMode (BEGIN)
                                           ; SOURCE LINE # 54
0000 900000      R     MOV     DPTR,#mode
0003 EF                MOV     A,R7
0004 F0                MOVX    @DPTR,A
                                           ; SOURCE LINE # 55
                                           ; SOURCE LINE # 56
0005 900000      R     MOV     DPTR,#mode
0008 E0                MOVX    A,@DPTR
0009 FF                MOV     R7,A
000A EF                MOV     A,R7
000B 540E              ANL     A,#0EH
000D FF                MOV     R7,A
000E 90502F            MOV     DPTR,#0502FH
0011 E0                MOVX    A,@DPTR
0012 FE                MOV     R6,A
C51 COMPILER V9.03   DRIVE_OUTPUT_2                                                        05/06/2015 20:00:56 PAGE 5   

0013 EE                MOV     A,R6
0014 54F1              ANL     A,#0F1H
0016 FE                MOV     R6,A
0017 EE                MOV     A,R6
0018 4F                ORL     A,R7
0019 FF                MOV     R7,A
001A 90502F            MOV     DPTR,#0502FH
001D EF                MOV     A,R7
001E F0                MOVX    @DPTR,A
                                           ; SOURCE LINE # 57
001F 22                RET     
             ; FUNCTION _drive_output_2_SetDriveMode (END)

             ; FUNCTION drive_output_2_Read (BEGIN)
                                           ; SOURCE LINE # 77
                                           ; SOURCE LINE # 78
                                           ; SOURCE LINE # 79
0000 905151            MOV     DPTR,#05151H
0003 E0                MOVX    A,@DPTR
0004 FF                MOV     R7,A
0005 EF                MOV     A,R7
0006 5480              ANL     A,#080H
0008 FF                MOV     R7,A
0009 7E00              MOV     R6,#00H
000B EF                MOV     A,R7
000C 7807              MOV     R0,#07H
000E         ?C0005:
000E CE                XCH     A,R6
000F C3                CLR     C
0010 13                RRC     A
0011 CE                XCH     A,R6
0012 13                RRC     A
0013 D8F9              DJNZ    R0,?C0005
0015 FF                MOV     R7,A
                                           ; SOURCE LINE # 80
0016         ?C0003:
0016 22                RET     
             ; FUNCTION drive_output_2_Read (END)

             ; FUNCTION drive_output_2_ReadDataReg (BEGIN)
                                           ; SOURCE LINE # 96
                                           ; SOURCE LINE # 97
                                           ; SOURCE LINE # 98
0000 905150            MOV     DPTR,#05150H
0003 E0                MOVX    A,@DPTR
0004 FF                MOV     R7,A
0005 EF                MOV     A,R7
0006 5480              ANL     A,#080H
0008 FF                MOV     R7,A
0009 7E00              MOV     R6,#00H
000B EF                MOV     A,R7
000C 7807              MOV     R0,#07H
000E         ?C0006:
000E CE                XCH     A,R6
000F C3                CLR     C
0010 13                RRC     A
0011 CE                XCH     A,R6
0012 13                RRC     A
0013 D8F9              DJNZ    R0,?C0006
0015 FF                MOV     R7,A
                                           ; SOURCE LINE # 99
0016         ?C0004:
C51 COMPILER V9.03   DRIVE_OUTPUT_2                                                        05/06/2015 20:00:56 PAGE 6   

0016 22                RET     
             ; FUNCTION drive_output_2_ReadDataReg (END)



MODULE INFORMATION:   STATIC OVERLAYABLE
   CODE SIZE        =    128    ----
   CONSTANT SIZE    =   ----    ----
   XDATA SIZE       =   ----       3
   PDATA SIZE       =   ----    ----
   DATA SIZE        =   ----    ----
   IDATA SIZE       =   ----    ----
   BIT SIZE         =   ----    ----
   EDATA SIZE       =   ----    ----
   HDATA SIZE       =   ----    ----
   XDATA CONST SIZE =   ----    ----
   FAR CONST SIZE   =   ----    ----
END OF MODULE INFORMATION.


C51 COMPILATION COMPLETE.  0 WARNING(S),  0 ERROR(S)
