C51 COMPILER V9.03   HORIZONTAL_SYNC_LINE                                                  05/06/2015 20:00:53 PAGE 1   


C51 COMPILER V9.03, COMPILATION OF MODULE HORIZONTAL_SYNC_LINE
OBJECT MODULE PLACED IN .\DP8051_Keil_903\Debug\Horizontal_Sync_Line.obj
COMPILER INVOKED BY: C:\Program Files (x86)\Cypress\PSoC Creator\2.1\PSoC Creator\import\keil\pk51\9.03\C51\BIN\c51.exe 
                    -.\Generated_Source\PSoC3\Horizontal_Sync_Line.c NOIV LARGE MODDP2 OMF2 VB(1) PR(.\DP8051_Keil_903\Debug\Horizontal_Sync_
                    -Line.lst) CD DB NOIP OT(2,SIZE) INCDIR(Generated_Source\PSoC3) OJ(.\DP8051_Keil_903\Debug\Horizontal_Sync_Line.obj)

line level    source

   1          /*******************************************************************************
   2          * File Name: Horizontal_Sync_Line.c  
   3          * Version 1.70
   4          *
   5          * Description:
   6          *  This file contains API to enable firmware control of a Pins component.
   7          *
   8          * Note:
   9          *
  10          ********************************************************************************
  11          * Copyright 2008-2010, Cypress Semiconductor Corporation.  All rights reserved.
  12          * You may use this file only in accordance with the license, terms, conditions, 
  13          * disclaimers, and limitations in the end user license agreement accompanying 
  14          * the software package with which this file was provided.
  15          ********************************************************************************/
  16          
  17          #include "cytypes.h"
  18          #include "Horizontal_Sync_Line.h"
  19          
  20          
  21          /*******************************************************************************
  22          * Function Name: Horizontal_Sync_Line_Write
  23          ********************************************************************************
  24          * Summary:
  25          *  Assign a new value to the digital port's data output register.  
  26          *
  27          * Parameters:  
  28          *  prtValue:  The value to be assigned to the Digital Port. 
  29          *
  30          * Return: 
  31          *  void 
  32          *  
  33          *******************************************************************************/
  34          void Horizontal_Sync_Line_Write(uint8 value) 
  35          {
  36   1          uint8 staticBits = Horizontal_Sync_Line_DR & ~Horizontal_Sync_Line_MASK;
  37   1          Horizontal_Sync_Line_DR = staticBits | ((value << Horizontal_Sync_Line_SHIFT) & Horizontal_Sync_Line_M
             -ASK);
  38   1      }
  39          
  40          
  41          /*******************************************************************************
  42          * Function Name: Horizontal_Sync_Line_SetDriveMode
  43          ********************************************************************************
  44          * Summary:
  45          *  Change the drive mode on the pins of the port.
  46          * 
  47          * Parameters:  
  48          *  mode:  Change the pins to this drive mode.
  49          *
  50          * Return: 
  51          *  void
  52          *
C51 COMPILER V9.03   HORIZONTAL_SYNC_LINE                                                  05/06/2015 20:00:53 PAGE 2   

  53          *******************************************************************************/
  54          void Horizontal_Sync_Line_SetDriveMode(uint8 mode) 
  55          {
  56   1              CyPins_SetPinDriveMode(Horizontal_Sync_Line_0, mode);
  57   1      }
  58          
  59          
  60          /*******************************************************************************
  61          * Function Name: Horizontal_Sync_Line_Read
  62          ********************************************************************************
  63          * Summary:
  64          *  Read the current value on the pins of the Digital Port in right justified 
  65          *  form.
  66          *
  67          * Parameters:  
  68          *  void 
  69          *
  70          * Return: 
  71          *  Returns the current value of the Digital Port as a right justified number
  72          *  
  73          * Note:
  74          *  Macro Horizontal_Sync_Line_ReadPS calls this function. 
  75          *  
  76          *******************************************************************************/
  77          uint8 Horizontal_Sync_Line_Read(void) 
  78          {
  79   1          return (Horizontal_Sync_Line_PS & Horizontal_Sync_Line_MASK) >> Horizontal_Sync_Line_SHIFT;
  80   1      }
  81          
  82          
  83          /*******************************************************************************
  84          * Function Name: Horizontal_Sync_Line_ReadDataReg
  85          ********************************************************************************
  86          * Summary:
  87          *  Read the current value assigned to a Digital Port's data output register
  88          *
  89          * Parameters:  
  90          *  void 
  91          *
  92          * Return: 
  93          *  Returns the current value assigned to the Digital Port's data output register
  94          *  
  95          *******************************************************************************/
  96          uint8 Horizontal_Sync_Line_ReadDataReg(void) 
  97          {
  98   1          return (Horizontal_Sync_Line_DR & Horizontal_Sync_Line_MASK) >> Horizontal_Sync_Line_SHIFT;
  99   1      }
 100          
 101          
 102          /* If Interrupts Are Enabled for this Pins component */ 
 103          #if defined(Horizontal_Sync_Line_INTSTAT) 
              
                  /*******************************************************************************
                  * Function Name: Horizontal_Sync_Line_ClearInterrupt
                  ********************************************************************************
                  * Summary:
                  *  Clears any active interrupts attached to port and returns the value of the 
                  *  interrupt status register.
                  *
                  * Parameters:  
                  *  void 
                  *
C51 COMPILER V9.03   HORIZONTAL_SYNC_LINE                                                  05/06/2015 20:00:53 PAGE 3   

                  * Return: 
                  *  Returns the value of the interrupt status register
                  *  
                  *******************************************************************************/
                  uint8 Horizontal_Sync_Line_ClearInterrupt(void) 
                  {
                      return (Horizontal_Sync_Line_INTSTAT & Horizontal_Sync_Line_MASK) >> Horizontal_Sync_Line_SHIFT;
                  }
              
              #endif /* If Interrupts Are Enabled for this Pins component */ 
 125          
 126          
 127          /* [] END OF FILE */ 
C51 COMPILER V9.03   HORIZONTAL_SYNC_LINE                                                  05/06/2015 20:00:53 PAGE 4   

ASSEMBLY LISTING OF GENERATED OBJECT CODE


             ; FUNCTION _Horizontal_Sync_Line_Write (BEGIN)
                                           ; SOURCE LINE # 34
0000 900000      R     MOV     DPTR,#value
0003 EF                MOV     A,R7
0004 F0                MOVX    @DPTR,A
                                           ; SOURCE LINE # 35
                                           ; SOURCE LINE # 36
0005 905140            MOV     DPTR,#05140H
0008 E0                MOVX    A,@DPTR
0009 FF                MOV     R7,A
000A EF                MOV     A,R7
000B 54EF              ANL     A,#0EFH
000D FF                MOV     R7,A
000E 900000      R     MOV     DPTR,#staticBits
0011 EF                MOV     A,R7
0012 F0                MOVX    @DPTR,A
                                           ; SOURCE LINE # 37
0013 900000      R     MOV     DPTR,#value
0016 E0                MOVX    A,@DPTR
0017 FF                MOV     R7,A
0018 EF                MOV     A,R7
0019 C4                SWAP    A
001A 54F0              ANL     A,#0F0H
001C FF                MOV     R7,A
001D EF                MOV     A,R7
001E 5410              ANL     A,#010H
0020 FF                MOV     R7,A
0021 900000      R     MOV     DPTR,#staticBits
0024 E0                MOVX    A,@DPTR
0025 FE                MOV     R6,A
0026 EF                MOV     A,R7
0027 4E                ORL     A,R6
0028 FF                MOV     R7,A
0029 905140            MOV     DPTR,#05140H
002C EF                MOV     A,R7
002D F0                MOVX    @DPTR,A
                                           ; SOURCE LINE # 38
002E 22                RET     
             ; FUNCTION _Horizontal_Sync_Line_Write (END)

             ; FUNCTION _Horizontal_Sync_Line_SetDriveMode (BEGIN)
                                           ; SOURCE LINE # 54
0000 900000      R     MOV     DPTR,#mode
0003 EF                MOV     A,R7
0004 F0                MOVX    @DPTR,A
                                           ; SOURCE LINE # 55
                                           ; SOURCE LINE # 56
0005 900000      R     MOV     DPTR,#mode
0008 E0                MOVX    A,@DPTR
0009 FF                MOV     R7,A
000A EF                MOV     A,R7
000B 540E              ANL     A,#0EH
000D FF                MOV     R7,A
000E 905024            MOV     DPTR,#05024H
0011 E0                MOVX    A,@DPTR
0012 FE                MOV     R6,A
0013 EE                MOV     A,R6
0014 54F1              ANL     A,#0F1H
0016 FE                MOV     R6,A
C51 COMPILER V9.03   HORIZONTAL_SYNC_LINE                                                  05/06/2015 20:00:53 PAGE 5   

0017 EE                MOV     A,R6
0018 4F                ORL     A,R7
0019 FF                MOV     R7,A
001A 905024            MOV     DPTR,#05024H
001D EF                MOV     A,R7
001E F0                MOVX    @DPTR,A
                                           ; SOURCE LINE # 57
001F 22                RET     
             ; FUNCTION _Horizontal_Sync_Line_SetDriveMode (END)

             ; FUNCTION Horizontal_Sync_Line_Read (BEGIN)
                                           ; SOURCE LINE # 77
                                           ; SOURCE LINE # 78
                                           ; SOURCE LINE # 79
0000 905141            MOV     DPTR,#05141H
0003 E0                MOVX    A,@DPTR
0004 FF                MOV     R7,A
0005 EF                MOV     A,R7
0006 5410              ANL     A,#010H
0008 FF                MOV     R7,A
0009 7E00              MOV     R6,#00H
000B EE                MOV     A,R6
000C C4                SWAP    A
000D F8                MOV     R0,A
000E 54F0              ANL     A,#0F0H
0010 C8                XCH     A,R0
0011 68                XRL     A,R0
0012 FE                MOV     R6,A
0013 EF                MOV     A,R7
0014 C4                SWAP    A
0015 540F              ANL     A,#0FH
0017 48                ORL     A,R0
0018 FF                MOV     R7,A
                                           ; SOURCE LINE # 80
0019         ?C0003:
0019 22                RET     
             ; FUNCTION Horizontal_Sync_Line_Read (END)

             ; FUNCTION Horizontal_Sync_Line_ReadDataReg (BEGIN)
                                           ; SOURCE LINE # 96
                                           ; SOURCE LINE # 97
                                           ; SOURCE LINE # 98
0000 905140            MOV     DPTR,#05140H
0003 E0                MOVX    A,@DPTR
0004 FF                MOV     R7,A
0005 EF                MOV     A,R7
0006 5410              ANL     A,#010H
0008 FF                MOV     R7,A
0009 7E00              MOV     R6,#00H
000B EE                MOV     A,R6
000C C4                SWAP    A
000D F8                MOV     R0,A
000E 54F0              ANL     A,#0F0H
0010 C8                XCH     A,R0
0011 68                XRL     A,R0
0012 FE                MOV     R6,A
0013 EF                MOV     A,R7
0014 C4                SWAP    A
0015 540F              ANL     A,#0FH
0017 48                ORL     A,R0
0018 FF                MOV     R7,A
                                           ; SOURCE LINE # 99
C51 COMPILER V9.03   HORIZONTAL_SYNC_LINE                                                  05/06/2015 20:00:53 PAGE 6   

0019         ?C0004:
0019 22                RET     
             ; FUNCTION Horizontal_Sync_Line_ReadDataReg (END)



MODULE INFORMATION:   STATIC OVERLAYABLE
   CODE SIZE        =    131    ----
   CONSTANT SIZE    =   ----    ----
   XDATA SIZE       =   ----       3
   PDATA SIZE       =   ----    ----
   DATA SIZE        =   ----    ----
   IDATA SIZE       =   ----    ----
   BIT SIZE         =   ----    ----
   EDATA SIZE       =   ----    ----
   HDATA SIZE       =   ----    ----
   XDATA CONST SIZE =   ----    ----
   FAR CONST SIZE   =   ----    ----
END OF MODULE INFORMATION.


C51 COMPILATION COMPLETE.  0 WARNING(S),  0 ERROR(S)
