C51 COMPILER V9.03   LINES_PER_FRAME_COUNTER_PM                                            05/06/2015 20:00:53 PAGE 1   


C51 COMPILER V9.03, COMPILATION OF MODULE LINES_PER_FRAME_COUNTER_PM
OBJECT MODULE PLACED IN .\DP8051_Keil_903\Debug\Lines_Per_Frame_Counter_PM.obj
COMPILER INVOKED BY: C:\Program Files (x86)\Cypress\PSoC Creator\2.1\PSoC Creator\import\keil\pk51\9.03\C51\BIN\c51.exe 
                    -.\Generated_Source\PSoC3\Lines_Per_Frame_Counter_PM.c NOIV LARGE MODDP2 OMF2 VB(1) PR(.\DP8051_Keil_903\Debug\Lines_Per_
                    -Frame_Counter_PM.lst) CD DB NOIP OT(2,SIZE) INCDIR(Generated_Source\PSoC3) OJ(.\DP8051_Keil_903\Debug\Lines_Per_Frame_Co
                    -unter_PM.obj)

line level    source

   1          /*******************************************************************************
   2          * File Name: Lines_Per_Frame_Counter_PM.c  
   3          * Version 2.20
   4          *
   5          *  Description:
   6          *    This file provides the power management source code to API for the
   7          *    Counter.  
   8          *
   9          *   Note:
  10          *     None
  11          *
  12          *******************************************************************************
  13          * Copyright 2008-2012, Cypress Semiconductor Corporation.  All rights reserved.
  14          * You may use this file only in accordance with the license, terms, conditions, 
  15          * disclaimers, and limitations in the end user license agreement accompanying 
  16          * the software package with which this file was provided.
  17          ********************************************************************************/
  18          
  19          #include "Lines_Per_Frame_Counter.h"
  20          
  21          static Lines_Per_Frame_Counter_backupStruct Lines_Per_Frame_Counter_backup;
  22          
  23          
  24          /*******************************************************************************
  25          * Function Name: Lines_Per_Frame_Counter_SaveConfig
  26          ********************************************************************************
  27          * Summary:
  28          *     Save the current user configuration
  29          *
  30          * Parameters:  
  31          *  void
  32          *
  33          * Return: 
  34          *  void
  35          *
  36          * Global variables:
  37          *  Lines_Per_Frame_Counter_backup:  Variables of this global structure are modified to 
  38          *  store the values of non retention configuration registers when Sleep() API is 
  39          *  called.
  40          *
  41          *******************************************************************************/
  42          void Lines_Per_Frame_Counter_SaveConfig(void) 
  43          {
  44   1          #if (!Lines_Per_Frame_Counter_UsingFixedFunction)
  45   1              /* Backup the UDB non-rentention registers for PSoC5A */
  46   1              #if (CY_PSOC5A)
                          Lines_Per_Frame_Counter_backup.CounterUdb = Lines_Per_Frame_Counter_ReadCounter();
                          Lines_Per_Frame_Counter_backup.CounterPeriod = Lines_Per_Frame_Counter_ReadPeriod();
                          Lines_Per_Frame_Counter_backup.CompareValue = Lines_Per_Frame_Counter_ReadCompare();
                          Lines_Per_Frame_Counter_backup.InterruptMaskValue = Lines_Per_Frame_Counter_STATUS_MASK;
                      #endif /* (CY_PSOC5A) */
  52   1              
C51 COMPILER V9.03   LINES_PER_FRAME_COUNTER_PM                                            05/06/2015 20:00:53 PAGE 2   

  53   1              #if (CY_PSOC3 || CY_PSOC5LP)
  54   1                  Lines_Per_Frame_Counter_backup.CounterUdb = Lines_Per_Frame_Counter_ReadCounter();
  55   1                  Lines_Per_Frame_Counter_backup.InterruptMaskValue = Lines_Per_Frame_Counter_STATUS_MASK;
  56   1              #endif /* (CY_PSOC3 || CY_PSOC5LP) */
  57   1              
  58   1              #if(!Lines_Per_Frame_Counter_ControlRegRemoved)
  59   1                  Lines_Per_Frame_Counter_backup.CounterControlRegister = Lines_Per_Frame_Counter_ReadControlReg
             -ister();
  60   1              #endif /* (!Lines_Per_Frame_Counter_ControlRegRemoved) */
  61   1          #endif /* (!Lines_Per_Frame_Counter_UsingFixedFunction) */
  62   1      }
  63          
  64          
  65          /*******************************************************************************
  66          * Function Name: Lines_Per_Frame_Counter_RestoreConfig
  67          ********************************************************************************
  68          *
  69          * Summary:
  70          *  Restores the current user configuration.
  71          *
  72          * Parameters:  
  73          *  void
  74          *
  75          * Return: 
  76          *  void
  77          *
  78          * Global variables:
  79          *  Lines_Per_Frame_Counter_backup:  Variables of this global structure are used to 
  80          *  restore the values of non retention registers on wakeup from sleep mode.
  81          *
  82          *******************************************************************************/
  83          void Lines_Per_Frame_Counter_RestoreConfig(void) 
  84          {      
  85   1          #if (!Lines_Per_Frame_Counter_UsingFixedFunction)     
  86   1              /* Restore the UDB non-rentention registers for PSoC5A */
  87   1              #if (CY_PSOC5A)
                          /* Interrupt State Backup for Critical Region*/
                          uint8 Lines_Per_Frame_Counter_interruptState;
                      
                          Lines_Per_Frame_Counter_WriteCounter(Lines_Per_Frame_Counter_backup.CounterUdb);
                          Lines_Per_Frame_Counter_WritePeriod(Lines_Per_Frame_Counter_backup.CounterPeriod);
                          Lines_Per_Frame_Counter_WriteCompare(Lines_Per_Frame_Counter_backup.CompareValue);
                          /* Enter Critical Region*/
                          Lines_Per_Frame_Counter_interruptState = CyEnterCriticalSection();
                      
                          Lines_Per_Frame_Counter_STATUS_AUX_CTRL |= Lines_Per_Frame_Counter_STATUS_ACTL_INT_EN_MASK;
                          /* Exit Critical Region*/
                          CyExitCriticalSection(Lines_Per_Frame_Counter_interruptState);
                          Lines_Per_Frame_Counter_STATUS_MASK = Lines_Per_Frame_Counter_backup.InterruptMaskValue;
                      #endif  /* (CY_PSOC5A) */
 102   1              
 103   1              #if (CY_PSOC3 || CY_PSOC5LP)
 104   1                  Lines_Per_Frame_Counter_WriteCounter(Lines_Per_Frame_Counter_backup.CounterUdb);
 105   1                  Lines_Per_Frame_Counter_STATUS_MASK = Lines_Per_Frame_Counter_backup.InterruptMaskValue;
 106   1              #endif /* (CY_PSOC3 || CY_PSOC5LP) */
 107   1              
 108   1              #if(!Lines_Per_Frame_Counter_ControlRegRemoved)
 109   1                  Lines_Per_Frame_Counter_WriteControlRegister(Lines_Per_Frame_Counter_backup.CounterControlRegi
             -ster);
 110   1              #endif /* (!Lines_Per_Frame_Counter_ControlRegRemoved) */
 111   1          #endif /* (!Lines_Per_Frame_Counter_UsingFixedFunction) */
 112   1      }
C51 COMPILER V9.03   LINES_PER_FRAME_COUNTER_PM                                            05/06/2015 20:00:53 PAGE 3   

 113          
 114          
 115          /*******************************************************************************
 116          * Function Name: Lines_Per_Frame_Counter_Sleep
 117          ********************************************************************************
 118          * Summary:
 119          *     Stop and Save the user configuration
 120          *
 121          * Parameters:  
 122          *  void
 123          *
 124          * Return: 
 125          *  void
 126          *
 127          * Global variables:
 128          *  Lines_Per_Frame_Counter_backup.enableState:  Is modified depending on the enable 
 129          *  state of the block before entering sleep mode.
 130          *
 131          *******************************************************************************/
 132          void Lines_Per_Frame_Counter_Sleep(void) 
 133          {
 134   1          #if(!Lines_Per_Frame_Counter_ControlRegRemoved)
 135   1              /* Save Counter's enable state */
 136   1              if(Lines_Per_Frame_Counter_CTRL_ENABLE == (Lines_Per_Frame_Counter_CONTROL & Lines_Per_Frame_Count
             -er_CTRL_ENABLE))
 137   1              {
 138   2                  /* Counter is enabled */
 139   2                  Lines_Per_Frame_Counter_backup.CounterEnableState = 1u;
 140   2              }
 141   1              else
 142   1              {
 143   2                  /* Counter is disabled */
 144   2                  Lines_Per_Frame_Counter_backup.CounterEnableState = 0u;
 145   2              }
 146   1          #endif /* (!Lines_Per_Frame_Counter_ControlRegRemoved) */
 147   1          Lines_Per_Frame_Counter_Stop();
 148   1          Lines_Per_Frame_Counter_SaveConfig();
 149   1      }
 150          
 151          
 152          /*******************************************************************************
 153          * Function Name: Lines_Per_Frame_Counter_Wakeup
 154          ********************************************************************************
 155          *
 156          * Summary:
 157          *  Restores and enables the user configuration
 158          *  
 159          * Parameters:  
 160          *  void
 161          *
 162          * Return: 
 163          *  void
 164          *
 165          * Global variables:
 166          *  Lines_Per_Frame_Counter_backup.enableState:  Is used to restore the enable state of 
 167          *  block on wakeup from sleep mode.
 168          *
 169          *******************************************************************************/
 170          void Lines_Per_Frame_Counter_Wakeup(void) 
 171          {
 172   1          Lines_Per_Frame_Counter_RestoreConfig();
 173   1          #if(!Lines_Per_Frame_Counter_ControlRegRemoved)
C51 COMPILER V9.03   LINES_PER_FRAME_COUNTER_PM                                            05/06/2015 20:00:53 PAGE 4   

 174   1              if(Lines_Per_Frame_Counter_backup.CounterEnableState == 1u)
 175   1              {
 176   2                  /* Enable Counter's operation */
 177   2                  Lines_Per_Frame_Counter_Enable();
 178   2              } /* Do nothing if Counter was disabled before */    
 179   1          #endif /* (!Lines_Per_Frame_Counter_ControlRegRemoved) */
 180   1          
 181   1      }
 182          
 183          
 184          /* [] END OF FILE */
C51 COMPILER V9.03   LINES_PER_FRAME_COUNTER_PM                                            05/06/2015 20:00:53 PAGE 5   

ASSEMBLY LISTING OF GENERATED OBJECT CODE


             ; FUNCTION Lines_Per_Frame_Counter_SaveConfig (BEGIN)
                                           ; SOURCE LINE # 42
                                           ; SOURCE LINE # 43
                                           ; SOURCE LINE # 54
0000 120000      E     LCALL   Lines_Per_Frame_Counter_ReadCounter
0003 900000      R     MOV     DPTR,#Lines_Per_Frame_Counter_backup+01H
0006 EE                MOV     A,R6
0007 F0                MOVX    @DPTR,A
0008 A3                INC     DPTR
0009 EF                MOV     A,R7
000A F0                MOVX    @DPTR,A
                                           ; SOURCE LINE # 55
000B 906483            MOV     DPTR,#06483H
000E E0                MOVX    A,@DPTR
000F FF                MOV     R7,A
0010 900000      R     MOV     DPTR,#Lines_Per_Frame_Counter_backup+03H
0013 EF                MOV     A,R7
0014 F0                MOVX    @DPTR,A
                                           ; SOURCE LINE # 59
0015 120000      E     LCALL   Lines_Per_Frame_Counter_ReadControlRegister
0018 900000      R     MOV     DPTR,#Lines_Per_Frame_Counter_backup+04H
001B EF                MOV     A,R7
001C F0                MOVX    @DPTR,A
                                           ; SOURCE LINE # 62
001D 22                RET     
             ; FUNCTION Lines_Per_Frame_Counter_SaveConfig (END)

             ; FUNCTION Lines_Per_Frame_Counter_RestoreConfig (BEGIN)
                                           ; SOURCE LINE # 83
                                           ; SOURCE LINE # 84
                                           ; SOURCE LINE # 104
0000 900000      R     MOV     DPTR,#Lines_Per_Frame_Counter_backup+01H
0003 E0                MOVX    A,@DPTR
0004 FE                MOV     R6,A
0005 A3                INC     DPTR
0006 E0                MOVX    A,@DPTR
0007 FF                MOV     R7,A
0008 120000      E     LCALL   _Lines_Per_Frame_Counter_WriteCounter
                                           ; SOURCE LINE # 105
000B 900000      R     MOV     DPTR,#Lines_Per_Frame_Counter_backup+03H
000E E0                MOVX    A,@DPTR
000F FF                MOV     R7,A
0010 906483            MOV     DPTR,#06483H
0013 EF                MOV     A,R7
0014 F0                MOVX    @DPTR,A
                                           ; SOURCE LINE # 109
0015 900000      R     MOV     DPTR,#Lines_Per_Frame_Counter_backup+04H
0018 E0                MOVX    A,@DPTR
0019 FF                MOV     R7,A
001A 120000      E     LCALL   _Lines_Per_Frame_Counter_WriteControlRegister
                                           ; SOURCE LINE # 112
001D 22                RET     
             ; FUNCTION Lines_Per_Frame_Counter_RestoreConfig (END)

             ; FUNCTION Lines_Per_Frame_Counter_Sleep (BEGIN)
                                           ; SOURCE LINE # 132
                                           ; SOURCE LINE # 133
                                           ; SOURCE LINE # 136
0000 906471            MOV     DPTR,#06471H
C51 COMPILER V9.03   LINES_PER_FRAME_COUNTER_PM                                            05/06/2015 20:00:53 PAGE 6   

0003 E0                MOVX    A,@DPTR
0004 FF                MOV     R7,A
0005 EF                MOV     A,R7
0006 5480              ANL     A,#080H
0008 FF                MOV     R7,A
0009 7E00              MOV     R6,#00H
000B EF                MOV     A,R7
000C 6480              XRL     A,#080H
000E 4E                ORL     A,R6
000F 7008              JNZ     ?C0003
                                           ; SOURCE LINE # 137
                                           ; SOURCE LINE # 139
0011 900000      R     MOV     DPTR,#Lines_Per_Frame_Counter_backup
0014 7401              MOV     A,#01H
0016 F0                MOVX    @DPTR,A
                                           ; SOURCE LINE # 140
0017 8005              SJMP    ?C0004
0019         ?C0003:
                                           ; SOURCE LINE # 142
                                           ; SOURCE LINE # 144
0019 900000      R     MOV     DPTR,#Lines_Per_Frame_Counter_backup
001C E4                CLR     A
001D F0                MOVX    @DPTR,A
                                           ; SOURCE LINE # 145
001E         ?C0004:
                                           ; SOURCE LINE # 147
001E 120000      E     LCALL   Lines_Per_Frame_Counter_Stop
                                           ; SOURCE LINE # 148
0021 120000      R     LCALL   Lines_Per_Frame_Counter_SaveConfig
                                           ; SOURCE LINE # 149
0024 22                RET     
             ; FUNCTION Lines_Per_Frame_Counter_Sleep (END)

             ; FUNCTION Lines_Per_Frame_Counter_Wakeup (BEGIN)
                                           ; SOURCE LINE # 170
                                           ; SOURCE LINE # 171
                                           ; SOURCE LINE # 172
0000 120000      R     LCALL   Lines_Per_Frame_Counter_RestoreConfig
                                           ; SOURCE LINE # 174
0003 900000      R     MOV     DPTR,#Lines_Per_Frame_Counter_backup
0006 E0                MOVX    A,@DPTR
0007 FF                MOV     R7,A
0008 EF                MOV     A,R7
0009 B40103            CJNE    A,#01H,?C0007
                                           ; SOURCE LINE # 175
                                           ; SOURCE LINE # 177
000C 120000      E     LCALL   Lines_Per_Frame_Counter_Enable
                                           ; SOURCE LINE # 178
                                           ; SOURCE LINE # 181
000F         ?C0007:
000F 22                RET     
             ; FUNCTION Lines_Per_Frame_Counter_Wakeup (END)



MODULE INFORMATION:   STATIC OVERLAYABLE
   CODE SIZE        =    113    ----
   CONSTANT SIZE    =   ----    ----
   XDATA SIZE       =      5    ----
   PDATA SIZE       =   ----    ----
   DATA SIZE        =   ----    ----
   IDATA SIZE       =   ----    ----
C51 COMPILER V9.03   LINES_PER_FRAME_COUNTER_PM                                            05/06/2015 20:00:53 PAGE 7   

   BIT SIZE         =   ----    ----
   EDATA SIZE       =   ----    ----
   HDATA SIZE       =   ----    ----
   XDATA CONST SIZE =   ----    ----
   FAR CONST SIZE   =   ----    ----
END OF MODULE INFORMATION.


C51 COMPILATION COMPLETE.  0 WARNING(S),  0 ERROR(S)
