C51 COMPILER V9.03   PIN_7                                                                 04/06/2015 17:40:22 PAGE 1   


C51 COMPILER V9.03, COMPILATION OF MODULE PIN_7
OBJECT MODULE PLACED IN .\DP8051_Keil_903\Debug\Pin_7.obj
COMPILER INVOKED BY: C:\Program Files (x86)\Cypress\PSoC Creator\2.1\PSoC Creator\import\keil\pk51\9.03\C51\BIN\c51.exe 
                    -.\Generated_Source\PSoC3\Pin_7.c NOIV LARGE MODDP2 OMF2 VB(1) PR(.\DP8051_Keil_903\Debug\Pin_7.lst) CD DB NOIP OT(2,SIZE
                    -) INCDIR(Generated_Source\PSoC3) OJ(.\DP8051_Keil_903\Debug\Pin_7.obj)

line level    source

   1          /*******************************************************************************
   2          * File Name: Pin_7.c  
   3          * Version 1.70
   4          *
   5          * Description:
   6          *  This file contains API to enable firmware control of a Pins component.
   7          *
   8          * Note:
   9          *
  10          ********************************************************************************
  11          * Copyright 2008-2010, Cypress Semiconductor Corporation.  All rights reserved.
  12          * You may use this file only in accordance with the license, terms, conditions, 
  13          * disclaimers, and limitations in the end user license agreement accompanying 
  14          * the software package with which this file was provided.
  15          ********************************************************************************/
  16          
  17          #include "cytypes.h"
  18          #include "Pin_7.h"
  19          
  20          
  21          /*******************************************************************************
  22          * Function Name: Pin_7_Write
  23          ********************************************************************************
  24          * Summary:
  25          *  Assign a new value to the digital port's data output register.  
  26          *
  27          * Parameters:  
  28          *  prtValue:  The value to be assigned to the Digital Port. 
  29          *
  30          * Return: 
  31          *  void 
  32          *  
  33          *******************************************************************************/
  34          void Pin_7_Write(uint8 value) 
  35          {
  36   1          uint8 staticBits = Pin_7_DR & ~Pin_7_MASK;
  37   1          Pin_7_DR = staticBits | ((value << Pin_7_SHIFT) & Pin_7_MASK);
  38   1      }
  39          
  40          
  41          /*******************************************************************************
  42          * Function Name: Pin_7_SetDriveMode
  43          ********************************************************************************
  44          * Summary:
  45          *  Change the drive mode on the pins of the port.
  46          * 
  47          * Parameters:  
  48          *  mode:  Change the pins to this drive mode.
  49          *
  50          * Return: 
  51          *  void
  52          *
  53          *******************************************************************************/
C51 COMPILER V9.03   PIN_7                                                                 04/06/2015 17:40:22 PAGE 2   

  54          void Pin_7_SetDriveMode(uint8 mode) 
  55          {
  56   1              CyPins_SetPinDriveMode(Pin_7_0, mode);
  57   1      }
  58          
  59          
  60          /*******************************************************************************
  61          * Function Name: Pin_7_Read
  62          ********************************************************************************
  63          * Summary:
  64          *  Read the current value on the pins of the Digital Port in right justified 
  65          *  form.
  66          *
  67          * Parameters:  
  68          *  void 
  69          *
  70          * Return: 
  71          *  Returns the current value of the Digital Port as a right justified number
  72          *  
  73          * Note:
  74          *  Macro Pin_7_ReadPS calls this function. 
  75          *  
  76          *******************************************************************************/
  77          uint8 Pin_7_Read(void) 
  78          {
  79   1          return (Pin_7_PS & Pin_7_MASK) >> Pin_7_SHIFT;
  80   1      }
  81          
  82          
  83          /*******************************************************************************
  84          * Function Name: Pin_7_ReadDataReg
  85          ********************************************************************************
  86          * Summary:
  87          *  Read the current value assigned to a Digital Port's data output register
  88          *
  89          * Parameters:  
  90          *  void 
  91          *
  92          * Return: 
  93          *  Returns the current value assigned to the Digital Port's data output register
  94          *  
  95          *******************************************************************************/
  96          uint8 Pin_7_ReadDataReg(void) 
  97          {
  98   1          return (Pin_7_DR & Pin_7_MASK) >> Pin_7_SHIFT;
  99   1      }
 100          
 101          
 102          /* If Interrupts Are Enabled for this Pins component */ 
 103          #if defined(Pin_7_INTSTAT) 
              
                  /*******************************************************************************
                  * Function Name: Pin_7_ClearInterrupt
                  ********************************************************************************
                  * Summary:
                  *  Clears any active interrupts attached to port and returns the value of the 
                  *  interrupt status register.
                  *
                  * Parameters:  
                  *  void 
                  *
                  * Return: 
C51 COMPILER V9.03   PIN_7                                                                 04/06/2015 17:40:22 PAGE 3   

                  *  Returns the value of the interrupt status register
                  *  
                  *******************************************************************************/
                  uint8 Pin_7_ClearInterrupt(void) 
                  {
                      return (Pin_7_INTSTAT & Pin_7_MASK) >> Pin_7_SHIFT;
                  }
              
              #endif /* If Interrupts Are Enabled for this Pins component */ 
 125          
 126          
 127          /* [] END OF FILE */ 
C51 COMPILER V9.03   PIN_7                                                                 04/06/2015 17:40:22 PAGE 4   

ASSEMBLY LISTING OF GENERATED OBJECT CODE


             ; FUNCTION _Pin_7_Write (BEGIN)
                                           ; SOURCE LINE # 34
0000 900000      R     MOV     DPTR,#value
0003 EF                MOV     A,R7
0004 F0                MOVX    @DPTR,A
                                           ; SOURCE LINE # 35
                                           ; SOURCE LINE # 36
0005 905150            MOV     DPTR,#05150H
0008 E0                MOVX    A,@DPTR
0009 FF                MOV     R7,A
000A EF                MOV     A,R7
000B 54DF              ANL     A,#0DFH
000D FF                MOV     R7,A
000E 900000      R     MOV     DPTR,#staticBits
0011 EF                MOV     A,R7
0012 F0                MOVX    @DPTR,A
                                           ; SOURCE LINE # 37
0013 900000      R     MOV     DPTR,#value
0016 E0                MOVX    A,@DPTR
0017 FF                MOV     R7,A
0018 EF                MOV     A,R7
0019 C4                SWAP    A
001A 33                RLC     A
001B 54E0              ANL     A,#0E0H
001D FF                MOV     R7,A
001E EF                MOV     A,R7
001F 5420              ANL     A,#020H
0021 FF                MOV     R7,A
0022 900000      R     MOV     DPTR,#staticBits
0025 E0                MOVX    A,@DPTR
0026 FE                MOV     R6,A
0027 EF                MOV     A,R7
0028 4E                ORL     A,R6
0029 FF                MOV     R7,A
002A 905150            MOV     DPTR,#05150H
002D EF                MOV     A,R7
002E F0                MOVX    @DPTR,A
                                           ; SOURCE LINE # 38
002F 22                RET     
             ; FUNCTION _Pin_7_Write (END)

             ; FUNCTION _Pin_7_SetDriveMode (BEGIN)
                                           ; SOURCE LINE # 54
0000 900000      R     MOV     DPTR,#mode
0003 EF                MOV     A,R7
0004 F0                MOVX    @DPTR,A
                                           ; SOURCE LINE # 55
                                           ; SOURCE LINE # 56
0005 900000      R     MOV     DPTR,#mode
0008 E0                MOVX    A,@DPTR
0009 FF                MOV     R7,A
000A EF                MOV     A,R7
000B 540E              ANL     A,#0EH
000D FF                MOV     R7,A
000E 90502D            MOV     DPTR,#0502DH
0011 E0                MOVX    A,@DPTR
0012 FE                MOV     R6,A
0013 EE                MOV     A,R6
0014 54F1              ANL     A,#0F1H
C51 COMPILER V9.03   PIN_7                                                                 04/06/2015 17:40:22 PAGE 5   

0016 FE                MOV     R6,A
0017 EE                MOV     A,R6
0018 4F                ORL     A,R7
0019 FF                MOV     R7,A
001A 90502D            MOV     DPTR,#0502DH
001D EF                MOV     A,R7
001E F0                MOVX    @DPTR,A
                                           ; SOURCE LINE # 57
001F 22                RET     
             ; FUNCTION _Pin_7_SetDriveMode (END)

             ; FUNCTION Pin_7_Read (BEGIN)
                                           ; SOURCE LINE # 77
                                           ; SOURCE LINE # 78
                                           ; SOURCE LINE # 79
0000 905151            MOV     DPTR,#05151H
0003 E0                MOVX    A,@DPTR
0004 FF                MOV     R7,A
0005 EF                MOV     A,R7
0006 5420              ANL     A,#020H
0008 FF                MOV     R7,A
0009 7E00              MOV     R6,#00H
000B EF                MOV     A,R7
000C 7805              MOV     R0,#05H
000E         ?C0005:
000E CE                XCH     A,R6
000F C3                CLR     C
0010 13                RRC     A
0011 CE                XCH     A,R6
0012 13                RRC     A
0013 D8F9              DJNZ    R0,?C0005
0015 FF                MOV     R7,A
                                           ; SOURCE LINE # 80
0016         ?C0003:
0016 22                RET     
             ; FUNCTION Pin_7_Read (END)

             ; FUNCTION Pin_7_ReadDataReg (BEGIN)
                                           ; SOURCE LINE # 96
                                           ; SOURCE LINE # 97
                                           ; SOURCE LINE # 98
0000 905150            MOV     DPTR,#05150H
0003 E0                MOVX    A,@DPTR
0004 FF                MOV     R7,A
0005 EF                MOV     A,R7
0006 5420              ANL     A,#020H
0008 FF                MOV     R7,A
0009 7E00              MOV     R6,#00H
000B EF                MOV     A,R7
000C 7805              MOV     R0,#05H
000E         ?C0006:
000E CE                XCH     A,R6
000F C3                CLR     C
0010 13                RRC     A
0011 CE                XCH     A,R6
0012 13                RRC     A
0013 D8F9              DJNZ    R0,?C0006
0015 FF                MOV     R7,A
                                           ; SOURCE LINE # 99
0016         ?C0004:
0016 22                RET     
             ; FUNCTION Pin_7_ReadDataReg (END)
C51 COMPILER V9.03   PIN_7                                                                 04/06/2015 17:40:22 PAGE 6   




MODULE INFORMATION:   STATIC OVERLAYABLE
   CODE SIZE        =    126    ----
   CONSTANT SIZE    =   ----    ----
   XDATA SIZE       =   ----       3
   PDATA SIZE       =   ----    ----
   DATA SIZE        =   ----    ----
   IDATA SIZE       =   ----    ----
   BIT SIZE         =   ----    ----
   EDATA SIZE       =   ----    ----
   HDATA SIZE       =   ----    ----
   XDATA CONST SIZE =   ----    ----
   FAR CONST SIZE   =   ----    ----
END OF MODULE INFORMATION.


C51 COMPILATION COMPLETE.  0 WARNING(S),  0 ERROR(S)
