C51 COMPILER V9.03   PSOC_PWM_TO_SPEED                                                     04/21/2015 18:16:45 PAGE 1   


C51 COMPILER V9.03, COMPILATION OF MODULE PSOC_PWM_TO_SPEED
OBJECT MODULE PLACED IN .\DP8051_Keil_903\Debug\PSOC_PWM_To_Speed.obj
COMPILER INVOKED BY: C:\Program Files (x86)\Cypress\PSoC Creator\2.1\PSoC Creator\import\keil\pk51\9.03\C51\BIN\c51.exe 
                    -.\Generated_Source\PSoC3\PSOC_PWM_To_Speed.c NOIV LARGE MODDP2 OMF2 VB(1) PR(.\DP8051_Keil_903\Debug\PSOC_PWM_To_Speed.l
                    -st) CD DB NOIP OT(2,SIZE) INCDIR(Generated_Source\PSoC3) OJ(.\DP8051_Keil_903\Debug\PSOC_PWM_To_Speed.obj)

line level    source

   1          /*******************************************************************************
   2          * File Name: PSOC_PWM_To_Speed.c  
   3          * Version 1.70
   4          *
   5          * Description:
   6          *  This file contains API to enable firmware control of a Pins component.
   7          *
   8          * Note:
   9          *
  10          ********************************************************************************
  11          * Copyright 2008-2010, Cypress Semiconductor Corporation.  All rights reserved.
  12          * You may use this file only in accordance with the license, terms, conditions, 
  13          * disclaimers, and limitations in the end user license agreement accompanying 
  14          * the software package with which this file was provided.
  15          ********************************************************************************/
  16          
  17          #include "cytypes.h"
  18          #include "PSOC_PWM_To_Speed.h"
  19          
  20          
  21          /*******************************************************************************
  22          * Function Name: PSOC_PWM_To_Speed_Write
  23          ********************************************************************************
  24          * Summary:
  25          *  Assign a new value to the digital port's data output register.  
  26          *
  27          * Parameters:  
  28          *  prtValue:  The value to be assigned to the Digital Port. 
  29          *
  30          * Return: 
  31          *  void 
  32          *  
  33          *******************************************************************************/
  34          void PSOC_PWM_To_Speed_Write(uint8 value) 
  35          {
  36   1          uint8 staticBits = PSOC_PWM_To_Speed_DR & ~PSOC_PWM_To_Speed_MASK;
  37   1          PSOC_PWM_To_Speed_DR = staticBits | ((value << PSOC_PWM_To_Speed_SHIFT) & PSOC_PWM_To_Speed_MASK);
  38   1      }
  39          
  40          
  41          /*******************************************************************************
  42          * Function Name: PSOC_PWM_To_Speed_SetDriveMode
  43          ********************************************************************************
  44          * Summary:
  45          *  Change the drive mode on the pins of the port.
  46          * 
  47          * Parameters:  
  48          *  mode:  Change the pins to this drive mode.
  49          *
  50          * Return: 
  51          *  void
  52          *
  53          *******************************************************************************/
C51 COMPILER V9.03   PSOC_PWM_TO_SPEED                                                     04/21/2015 18:16:45 PAGE 2   

  54          void PSOC_PWM_To_Speed_SetDriveMode(uint8 mode) 
  55          {
  56   1              CyPins_SetPinDriveMode(PSOC_PWM_To_Speed_0, mode);
  57   1      }
  58          
  59          
  60          /*******************************************************************************
  61          * Function Name: PSOC_PWM_To_Speed_Read
  62          ********************************************************************************
  63          * Summary:
  64          *  Read the current value on the pins of the Digital Port in right justified 
  65          *  form.
  66          *
  67          * Parameters:  
  68          *  void 
  69          *
  70          * Return: 
  71          *  Returns the current value of the Digital Port as a right justified number
  72          *  
  73          * Note:
  74          *  Macro PSOC_PWM_To_Speed_ReadPS calls this function. 
  75          *  
  76          *******************************************************************************/
  77          uint8 PSOC_PWM_To_Speed_Read(void) 
  78          {
  79   1          return (PSOC_PWM_To_Speed_PS & PSOC_PWM_To_Speed_MASK) >> PSOC_PWM_To_Speed_SHIFT;
  80   1      }
  81          
  82          
  83          /*******************************************************************************
  84          * Function Name: PSOC_PWM_To_Speed_ReadDataReg
  85          ********************************************************************************
  86          * Summary:
  87          *  Read the current value assigned to a Digital Port's data output register
  88          *
  89          * Parameters:  
  90          *  void 
  91          *
  92          * Return: 
  93          *  Returns the current value assigned to the Digital Port's data output register
  94          *  
  95          *******************************************************************************/
  96          uint8 PSOC_PWM_To_Speed_ReadDataReg(void) 
  97          {
  98   1          return (PSOC_PWM_To_Speed_DR & PSOC_PWM_To_Speed_MASK) >> PSOC_PWM_To_Speed_SHIFT;
  99   1      }
 100          
 101          
 102          /* If Interrupts Are Enabled for this Pins component */ 
 103          #if defined(PSOC_PWM_To_Speed_INTSTAT) 
              
                  /*******************************************************************************
                  * Function Name: PSOC_PWM_To_Speed_ClearInterrupt
                  ********************************************************************************
                  * Summary:
                  *  Clears any active interrupts attached to port and returns the value of the 
                  *  interrupt status register.
                  *
                  * Parameters:  
                  *  void 
                  *
                  * Return: 
C51 COMPILER V9.03   PSOC_PWM_TO_SPEED                                                     04/21/2015 18:16:45 PAGE 3   

                  *  Returns the value of the interrupt status register
                  *  
                  *******************************************************************************/
                  uint8 PSOC_PWM_To_Speed_ClearInterrupt(void) 
                  {
                      return (PSOC_PWM_To_Speed_INTSTAT & PSOC_PWM_To_Speed_MASK) >> PSOC_PWM_To_Speed_SHIFT;
                  }
              
              #endif /* If Interrupts Are Enabled for this Pins component */ 
 125          
 126          
 127          /* [] END OF FILE */ 
C51 COMPILER V9.03   PSOC_PWM_TO_SPEED                                                     04/21/2015 18:16:45 PAGE 4   

ASSEMBLY LISTING OF GENERATED OBJECT CODE


             ; FUNCTION _PSOC_PWM_To_Speed_Write (BEGIN)
                                           ; SOURCE LINE # 34
0000 900000      R     MOV     DPTR,#value
0003 EF                MOV     A,R7
0004 F0                MOVX    @DPTR,A
                                           ; SOURCE LINE # 35
                                           ; SOURCE LINE # 36
0005 905140            MOV     DPTR,#05140H
0008 E0                MOVX    A,@DPTR
0009 FF                MOV     R7,A
000A EF                MOV     A,R7
000B 54FE              ANL     A,#0FEH
000D FF                MOV     R7,A
000E 900000      R     MOV     DPTR,#staticBits
0011 EF                MOV     A,R7
0012 F0                MOVX    @DPTR,A
                                           ; SOURCE LINE # 37
0013 900000      R     MOV     DPTR,#value
0016 E0                MOVX    A,@DPTR
0017 FF                MOV     R7,A
0018 EF                MOV     A,R7
0019 5401              ANL     A,#01H
001B FF                MOV     R7,A
001C 900000      R     MOV     DPTR,#staticBits
001F E0                MOVX    A,@DPTR
0020 FE                MOV     R6,A
0021 EF                MOV     A,R7
0022 4E                ORL     A,R6
0023 FF                MOV     R7,A
0024 905140            MOV     DPTR,#05140H
0027 EF                MOV     A,R7
0028 F0                MOVX    @DPTR,A
                                           ; SOURCE LINE # 38
0029 22                RET     
             ; FUNCTION _PSOC_PWM_To_Speed_Write (END)

             ; FUNCTION _PSOC_PWM_To_Speed_SetDriveMode (BEGIN)
                                           ; SOURCE LINE # 54
0000 900000      R     MOV     DPTR,#mode
0003 EF                MOV     A,R7
0004 F0                MOVX    @DPTR,A
                                           ; SOURCE LINE # 55
                                           ; SOURCE LINE # 56
0005 900000      R     MOV     DPTR,#mode
0008 E0                MOVX    A,@DPTR
0009 FF                MOV     R7,A
000A EF                MOV     A,R7
000B 540E              ANL     A,#0EH
000D FF                MOV     R7,A
000E 905020            MOV     DPTR,#05020H
0011 E0                MOVX    A,@DPTR
0012 FE                MOV     R6,A
0013 EE                MOV     A,R6
0014 54F1              ANL     A,#0F1H
0016 FE                MOV     R6,A
0017 EE                MOV     A,R6
0018 4F                ORL     A,R7
0019 FF                MOV     R7,A
001A 905020            MOV     DPTR,#05020H
C51 COMPILER V9.03   PSOC_PWM_TO_SPEED                                                     04/21/2015 18:16:45 PAGE 5   

001D EF                MOV     A,R7
001E F0                MOVX    @DPTR,A
                                           ; SOURCE LINE # 57
001F 22                RET     
             ; FUNCTION _PSOC_PWM_To_Speed_SetDriveMode (END)

             ; FUNCTION PSOC_PWM_To_Speed_Read (BEGIN)
                                           ; SOURCE LINE # 77
                                           ; SOURCE LINE # 78
                                           ; SOURCE LINE # 79
0000 905141            MOV     DPTR,#05141H
0003 E0                MOVX    A,@DPTR
0004 FF                MOV     R7,A
0005 EF                MOV     A,R7
0006 5401              ANL     A,#01H
0008 FF                MOV     R7,A
0009 7E00              MOV     R6,#00H
                                           ; SOURCE LINE # 80
000B         ?C0003:
000B 22                RET     
             ; FUNCTION PSOC_PWM_To_Speed_Read (END)

             ; FUNCTION PSOC_PWM_To_Speed_ReadDataReg (BEGIN)
                                           ; SOURCE LINE # 96
                                           ; SOURCE LINE # 97
                                           ; SOURCE LINE # 98
0000 905140            MOV     DPTR,#05140H
0003 E0                MOVX    A,@DPTR
0004 FF                MOV     R7,A
0005 EF                MOV     A,R7
0006 5401              ANL     A,#01H
0008 FF                MOV     R7,A
0009 7E00              MOV     R6,#00H
                                           ; SOURCE LINE # 99
000B         ?C0004:
000B 22                RET     
             ; FUNCTION PSOC_PWM_To_Speed_ReadDataReg (END)



MODULE INFORMATION:   STATIC OVERLAYABLE
   CODE SIZE        =     98    ----
   CONSTANT SIZE    =   ----    ----
   XDATA SIZE       =   ----       3
   PDATA SIZE       =   ----    ----
   DATA SIZE        =   ----    ----
   IDATA SIZE       =   ----    ----
   BIT SIZE         =   ----    ----
   EDATA SIZE       =   ----    ----
   HDATA SIZE       =   ----    ----
   XDATA CONST SIZE =   ----    ----
   FAR CONST SIZE   =   ----    ----
END OF MODULE INFORMATION.


C51 COMPILATION COMPLETE.  0 WARNING(S),  0 ERROR(S)
