--------------- Clean Started: 05/06/2015 19:59:38 Project: TickReading, Configuration: DP8051 Keil 9.03 Debug ---------------
Deleting file ".\DP8051_Keil_903\Debug\main.obj"
Deleting file ".\DP8051_Keil_903\Debug\LCD.obj"
Deleting file ".\DP8051_Keil_903\Debug\LCD_PM.obj"
Deleting file ".\DP8051_Keil_903\Debug\LCD_LCDPort.obj"
Deleting file ".\DP8051_Keil_903\Debug\CyBootAsmKeil.obj"
Deleting file ".\DP8051_Keil_903\Debug\CyDmac.obj"
Deleting file ".\DP8051_Keil_903\Debug\CyFlash.obj"
Deleting file ".\DP8051_Keil_903\Debug\CyLib.obj"
Deleting file ".\DP8051_Keil_903\Debug\cymem.obj"
Deleting file ".\DP8051_Keil_903\Debug\cyPm.obj"
Deleting file ".\DP8051_Keil_903\Debug\CySpc.obj"
Deleting file ".\DP8051_Keil_903\Debug\cyutils.obj"
Deleting file ".\DP8051_Keil_903\Debug\KeilStart.obj"
Deleting file ".\DP8051_Keil_903\Debug\ISR_Hall.obj"
Deleting file ".\DP8051_Keil_903\Debug\ISR_Overflow.obj"
Deleting file ".\DP8051_Keil_903\Debug\PWM.obj"
Deleting file ".\DP8051_Keil_903\Debug\PWM_PM.obj"
Deleting file ".\DP8051_Keil_903\Debug\Input_LED.obj"
Deleting file ".\DP8051_Keil_903\Debug\Hall_Counter.obj"
Deleting file ".\DP8051_Keil_903\Debug\Hall_Counter_PM.obj"
Deleting file ".\DP8051_Keil_903\Debug\Clock_Hall.obj"
Deleting file ".\DP8051_Keil_903\Debug\Hall_To_PSOC.obj"
Deleting file ".\DP8051_Keil_903\Debug\Composite_Video.obj"
Deleting file ".\DP8051_Keil_903\Debug\Horizontal_Sync_Line.obj"
Deleting file ".\DP8051_Keil_903\Debug\Vertical_Sync_Frame.obj"
Deleting file ".\DP8051_Keil_903\Debug\Lines_Per_Frame_Counter.obj"
Deleting file ".\DP8051_Keil_903\Debug\Lines_Per_Frame_Counter_PM.obj"
Deleting file ".\DP8051_Keil_903\Debug\ISR_50_Lines.obj"
Deleting file ".\DP8051_Keil_903\Debug\ISR_100_Lines.obj"
Deleting file ".\DP8051_Keil_903\Debug\Line_Timer.obj"
--------------- Clean Succeeded: 05/06/2015 19:59:38 ---------------
