C51 COMPILER V9.03   WAIT_COUNTER_PM                                                       04/28/2015 15:53:00 PAGE 1   


C51 COMPILER V9.03, COMPILATION OF MODULE WAIT_COUNTER_PM
OBJECT MODULE PLACED IN .\DP8051_Keil_903\Debug\Wait_Counter_PM.obj
COMPILER INVOKED BY: C:\Program Files (x86)\Cypress\PSoC Creator\2.1\PSoC Creator\import\keil\pk51\9.03\C51\BIN\c51.exe 
                    -.\Generated_Source\PSoC3\Wait_Counter_PM.c NOIV LARGE MODDP2 OMF2 VB(1) PR(.\DP8051_Keil_903\Debug\Wait_Counter_PM.lst) 
                    -CD DB NOIP OT(2,SIZE) INCDIR(Generated_Source\PSoC3) OJ(.\DP8051_Keil_903\Debug\Wait_Counter_PM.obj)

line level    source

   1          /*******************************************************************************
   2          * File Name: Wait_Counter_PM.c  
   3          * Version 2.20
   4          *
   5          *  Description:
   6          *    This file provides the power management source code to API for the
   7          *    Counter.  
   8          *
   9          *   Note:
  10          *     None
  11          *
  12          *******************************************************************************
  13          * Copyright 2008-2012, Cypress Semiconductor Corporation.  All rights reserved.
  14          * You may use this file only in accordance with the license, terms, conditions, 
  15          * disclaimers, and limitations in the end user license agreement accompanying 
  16          * the software package with which this file was provided.
  17          ********************************************************************************/
  18          
  19          #include "Wait_Counter.h"
  20          
  21          static Wait_Counter_backupStruct Wait_Counter_backup;
  22          
  23          
  24          /*******************************************************************************
  25          * Function Name: Wait_Counter_SaveConfig
  26          ********************************************************************************
  27          * Summary:
  28          *     Save the current user configuration
  29          *
  30          * Parameters:  
  31          *  void
  32          *
  33          * Return: 
  34          *  void
  35          *
  36          * Global variables:
  37          *  Wait_Counter_backup:  Variables of this global structure are modified to 
  38          *  store the values of non retention configuration registers when Sleep() API is 
  39          *  called.
  40          *
  41          *******************************************************************************/
  42          void Wait_Counter_SaveConfig(void) 
  43          {
  44   1          #if (!Wait_Counter_UsingFixedFunction)
                      /* Backup the UDB non-rentention registers for PSoC5A */
                      #if (CY_PSOC5A)
                          Wait_Counter_backup.CounterUdb = Wait_Counter_ReadCounter();
                          Wait_Counter_backup.CounterPeriod = Wait_Counter_ReadPeriod();
                          Wait_Counter_backup.CompareValue = Wait_Counter_ReadCompare();
                          Wait_Counter_backup.InterruptMaskValue = Wait_Counter_STATUS_MASK;
                      #endif /* (CY_PSOC5A) */
                      
                      #if (CY_PSOC3 || CY_PSOC5LP)
C51 COMPILER V9.03   WAIT_COUNTER_PM                                                       04/28/2015 15:53:00 PAGE 2   

                          Wait_Counter_backup.CounterUdb = Wait_Counter_ReadCounter();
                          Wait_Counter_backup.InterruptMaskValue = Wait_Counter_STATUS_MASK;
                      #endif /* (CY_PSOC3 || CY_PSOC5LP) */
                      
                      #if(!Wait_Counter_ControlRegRemoved)
                          Wait_Counter_backup.CounterControlRegister = Wait_Counter_ReadControlRegister();
                      #endif /* (!Wait_Counter_ControlRegRemoved) */
                  #endif /* (!Wait_Counter_UsingFixedFunction) */
  62   1      }
  63          
  64          
  65          /*******************************************************************************
  66          * Function Name: Wait_Counter_RestoreConfig
  67          ********************************************************************************
  68          *
  69          * Summary:
  70          *  Restores the current user configuration.
  71          *
  72          * Parameters:  
  73          *  void
  74          *
  75          * Return: 
  76          *  void
  77          *
  78          * Global variables:
  79          *  Wait_Counter_backup:  Variables of this global structure are used to 
  80          *  restore the values of non retention registers on wakeup from sleep mode.
  81          *
  82          *******************************************************************************/
  83          void Wait_Counter_RestoreConfig(void) 
  84          {      
  85   1          #if (!Wait_Counter_UsingFixedFunction)     
                      /* Restore the UDB non-rentention registers for PSoC5A */
                      #if (CY_PSOC5A)
                          /* Interrupt State Backup for Critical Region*/
                          uint8 Wait_Counter_interruptState;
                      
                          Wait_Counter_WriteCounter(Wait_Counter_backup.CounterUdb);
                          Wait_Counter_WritePeriod(Wait_Counter_backup.CounterPeriod);
                          Wait_Counter_WriteCompare(Wait_Counter_backup.CompareValue);
                          /* Enter Critical Region*/
                          Wait_Counter_interruptState = CyEnterCriticalSection();
                      
                          Wait_Counter_STATUS_AUX_CTRL |= Wait_Counter_STATUS_ACTL_INT_EN_MASK;
                          /* Exit Critical Region*/
                          CyExitCriticalSection(Wait_Counter_interruptState);
                          Wait_Counter_STATUS_MASK = Wait_Counter_backup.InterruptMaskValue;
                      #endif  /* (CY_PSOC5A) */
                      
                      #if (CY_PSOC3 || CY_PSOC5LP)
                          Wait_Counter_WriteCounter(Wait_Counter_backup.CounterUdb);
                          Wait_Counter_STATUS_MASK = Wait_Counter_backup.InterruptMaskValue;
                      #endif /* (CY_PSOC3 || CY_PSOC5LP) */
                      
                      #if(!Wait_Counter_ControlRegRemoved)
                          Wait_Counter_WriteControlRegister(Wait_Counter_backup.CounterControlRegister);
                      #endif /* (!Wait_Counter_ControlRegRemoved) */
                  #endif /* (!Wait_Counter_UsingFixedFunction) */
 112   1      }
 113          
 114          
 115          /*******************************************************************************
C51 COMPILER V9.03   WAIT_COUNTER_PM                                                       04/28/2015 15:53:00 PAGE 3   

 116          * Function Name: Wait_Counter_Sleep
 117          ********************************************************************************
 118          * Summary:
 119          *     Stop and Save the user configuration
 120          *
 121          * Parameters:  
 122          *  void
 123          *
 124          * Return: 
 125          *  void
 126          *
 127          * Global variables:
 128          *  Wait_Counter_backup.enableState:  Is modified depending on the enable 
 129          *  state of the block before entering sleep mode.
 130          *
 131          *******************************************************************************/
 132          void Wait_Counter_Sleep(void) 
 133          {
 134   1          #if(!Wait_Counter_ControlRegRemoved)
 135   1              /* Save Counter's enable state */
 136   1              if(Wait_Counter_CTRL_ENABLE == (Wait_Counter_CONTROL & Wait_Counter_CTRL_ENABLE))
 137   1              {
 138   2                  /* Counter is enabled */
 139   2                  Wait_Counter_backup.CounterEnableState = 1u;
 140   2              }
 141   1              else
 142   1              {
 143   2                  /* Counter is disabled */
 144   2                  Wait_Counter_backup.CounterEnableState = 0u;
 145   2              }
 146   1          #endif /* (!Wait_Counter_ControlRegRemoved) */
 147   1          Wait_Counter_Stop();
 148   1          Wait_Counter_SaveConfig();
 149   1      }
 150          
 151          
 152          /*******************************************************************************
 153          * Function Name: Wait_Counter_Wakeup
 154          ********************************************************************************
 155          *
 156          * Summary:
 157          *  Restores and enables the user configuration
 158          *  
 159          * Parameters:  
 160          *  void
 161          *
 162          * Return: 
 163          *  void
 164          *
 165          * Global variables:
 166          *  Wait_Counter_backup.enableState:  Is used to restore the enable state of 
 167          *  block on wakeup from sleep mode.
 168          *
 169          *******************************************************************************/
 170          void Wait_Counter_Wakeup(void) 
 171          {
 172   1          Wait_Counter_RestoreConfig();
 173   1          #if(!Wait_Counter_ControlRegRemoved)
 174   1              if(Wait_Counter_backup.CounterEnableState == 1u)
 175   1              {
 176   2                  /* Enable Counter's operation */
 177   2                  Wait_Counter_Enable();
C51 COMPILER V9.03   WAIT_COUNTER_PM                                                       04/28/2015 15:53:00 PAGE 4   

 178   2              } /* Do nothing if Counter was disabled before */    
 179   1          #endif /* (!Wait_Counter_ControlRegRemoved) */
 180   1          
 181   1      }
 182          
 183          
 184          /* [] END OF FILE */
C51 COMPILER V9.03   WAIT_COUNTER_PM                                                       04/28/2015 15:53:00 PAGE 5   

ASSEMBLY LISTING OF GENERATED OBJECT CODE


             ; FUNCTION Wait_Counter_SaveConfig (BEGIN)
                                           ; SOURCE LINE # 42
                                           ; SOURCE LINE # 43
                                           ; SOURCE LINE # 62
0000 22                RET     
             ; FUNCTION Wait_Counter_SaveConfig (END)

             ; FUNCTION Wait_Counter_RestoreConfig (BEGIN)
                                           ; SOURCE LINE # 83
                                           ; SOURCE LINE # 84
                                           ; SOURCE LINE # 112
0000 22                RET     
             ; FUNCTION Wait_Counter_RestoreConfig (END)

             ; FUNCTION Wait_Counter_Sleep (BEGIN)
                                           ; SOURCE LINE # 132
                                           ; SOURCE LINE # 133
                                           ; SOURCE LINE # 136
0000 904F00            MOV     DPTR,#04F00H
0003 E0                MOVX    A,@DPTR
0004 FF                MOV     R7,A
0005 EF                MOV     A,R7
0006 5401              ANL     A,#01H
0008 FF                MOV     R7,A
0009 7E00              MOV     R6,#00H
000B EF                MOV     A,R7
000C 6401              XRL     A,#01H
000E 4E                ORL     A,R6
000F 7008              JNZ     ?C0003
                                           ; SOURCE LINE # 137
                                           ; SOURCE LINE # 139
0011 900000      R     MOV     DPTR,#Wait_Counter_backup
0014 7401              MOV     A,#01H
0016 F0                MOVX    @DPTR,A
                                           ; SOURCE LINE # 140
0017 8005              SJMP    ?C0004
0019         ?C0003:
                                           ; SOURCE LINE # 142
                                           ; SOURCE LINE # 144
0019 900000      R     MOV     DPTR,#Wait_Counter_backup
001C E4                CLR     A
001D F0                MOVX    @DPTR,A
                                           ; SOURCE LINE # 145
001E         ?C0004:
                                           ; SOURCE LINE # 147
001E 120000      E     LCALL   Wait_Counter_Stop
                                           ; SOURCE LINE # 148
0021 120000      R     LCALL   Wait_Counter_SaveConfig
                                           ; SOURCE LINE # 149
0024 22                RET     
             ; FUNCTION Wait_Counter_Sleep (END)

             ; FUNCTION Wait_Counter_Wakeup (BEGIN)
                                           ; SOURCE LINE # 170
                                           ; SOURCE LINE # 171
                                           ; SOURCE LINE # 172
0000 120000      R     LCALL   Wait_Counter_RestoreConfig
                                           ; SOURCE LINE # 174
0003 900000      R     MOV     DPTR,#Wait_Counter_backup
C51 COMPILER V9.03   WAIT_COUNTER_PM                                                       04/28/2015 15:53:00 PAGE 6   

0006 E0                MOVX    A,@DPTR
0007 FF                MOV     R7,A
0008 EF                MOV     A,R7
0009 B40103            CJNE    A,#01H,?C0007
                                           ; SOURCE LINE # 175
                                           ; SOURCE LINE # 177
000C 120000      E     LCALL   Wait_Counter_Enable
                                           ; SOURCE LINE # 178
                                           ; SOURCE LINE # 181
000F         ?C0007:
000F 22                RET     
             ; FUNCTION Wait_Counter_Wakeup (END)



MODULE INFORMATION:   STATIC OVERLAYABLE
   CODE SIZE        =     55    ----
   CONSTANT SIZE    =   ----    ----
   XDATA SIZE       =      5    ----
   PDATA SIZE       =   ----    ----
   DATA SIZE        =   ----    ----
   IDATA SIZE       =   ----    ----
   BIT SIZE         =   ----    ----
   EDATA SIZE       =   ----    ----
   HDATA SIZE       =   ----    ----
   XDATA CONST SIZE =   ----    ----
   FAR CONST SIZE   =   ----    ----
END OF MODULE INFORMATION.


C51 COMPILATION COMPLETE.  0 WARNING(S),  0 ERROR(S)
