#***************************************************************************

#sjplacer

#Version:            1.1

#Build Date:         Jun 19 2012 09:55:54

#File Generated:     May 5 2015 16:23:59

#Purpose:            

#Copyright (C) 2010-2011 by Softjin Technologies Pvt Ltd. All rights reserved.

#***************************************************************************

Executing : C:\Program Files (x86)\Cypress\PSoC Creator\2.1\PSoC Creator\bin/sjplacer.exe --proj-name TickReading --netlist-vh2 TickReading_p.vh2 --arch-file C:\Program Files (x86)\Cypress\PSoC Creator\2.1\PSoC Creator\dev/psoc3/psoc35_placer.ark --rrg-file C:\Program Files (x86)\Cypress\PSoC Creator\2.1\PSoC Creator\dev/psoc3/route_arch-rrg.cydata --irq-file C:\Program Files (x86)\Cypress\PSoC Creator\2.1\PSoC Creator\dev/psoc3/psoc3_irqconn.cydata --drq-file C:\Program Files (x86)\Cypress\PSoC Creator\2.1\PSoC Creator\dev/psoc3/psoc3_dmaconn.cydata --dsi-conn-file C:\Program Files (x86)\Cypress\PSoC Creator\2.1\PSoC Creator\dev/psoc3/psoc3_dsiconn.cydata --pins-file PSoC3_Leopard_100-TQFP.xml --lib-file TickReading_p.lib --sdc-file TickReading.sdc --io-pcf TickReading.pci --outdir .

		Softjin Techologies Placer, Version 1.1

Build Date : Jun 19 2012	09:59:06

D2004: Option and Settings Summary
=============================================================
Netlist vh2 file          - TickReading_p.vh2
Architecture file         - C:\Program Files (x86)\Cypress\PSoC Creator\2.1\PSoC Creator\dev/psoc3/psoc35_placer.ark
Package                   - 
Defparam file             - 
SDC file                  - TickReading.sdc
Output directory          - .
Timing library            - TickReading_p.lib
IO Placement file         - TickReading.pci

D2050: Starting reading inputs for placer
=============================================================
D2065: Reading netlist file : "TickReading_p.vh2"
D2065: Reading arch file : "C:\Program Files (x86)\Cypress\PSoC Creator\2.1\PSoC Creator\dev/psoc3/psoc35_placer.ark"
D2051: Reading of inputs for placer completed successfully

D2053: Starting placement of the design
=============================================================

Phase 2
Phase 3

Design Statistics after Packing
    Number of Combinational MCs 	:	20
    Number of Sequential MCs    	:	22
    Number of DPs               	:	11
    Number of Controls          	:	6
    Number of Status            	:	5
    Number of SyncCells         	:	0
    Number of count7cells       	:	0

Device Utilization Summary after Packing
    Macrocells                  :	42/192
    UDBS                        :	13/24
    IOs                         :	22/672


D2088: Phase 3, elapsed time : 0.0 (sec)

Phase 4
D2088: Phase 4, elapsed time : 0.0 (sec)

Phase 5
D2088: Phase 5, elapsed time : 0.0 (sec)

Phase 6

######################################################################
Placement Timing Summary

The timing summary is based on estimated routing delays after
placement. For final timing report, please carry out the timing
analysis after routing.
======================================================================

######################################################################
                     Clock Summary 
======================================================================
Number of clocks: 14
Clock: ADC_Side_Rangefinder_Ext_CP_Clk | Frequency: N/A       | Target:   1.8 MHz
Clock: ADC_Side_Rangefinder_Ext_CP_Clk(routed) | Frequency: N/A       | Target:   1.8 MHz
Clock: ADC_Side_Rangefinder_theACLK | Frequency: N/A       | Target:   0.5 MHz
Clock: Altimeter_Clock      | Frequency: N/A       | Target:   0.0 MHz
Clock: Clock_Hall           | Frequency:  41.7 MHz | Target:   0.1 MHz
Clock: Clock_Hall(routed)   | Frequency: N/A       | Target:   0.1 MHz
Clock: Clock_Steering       | Frequency:  41.7 MHz | Target:   0.1 MHz
Clock: CyBUS_CLK            | Frequency:  26.6 MHz | Target:  24.0 MHz
Clock: CyBUS_CLK(routed)    | Frequency: N/A       | Target:  24.0 MHz
Clock: CyILO                | Frequency: N/A       | Target:   0.0 MHz
Clock: CyIMO                | Frequency: N/A       | Target:   3.0 MHz
Clock: CyMASTER_CLK         | Frequency: N/A       | Target:  24.0 MHz
Clock: CyPLL_OUT            | Frequency: N/A       | Target:  24.0 MHz
Clock: Wait_Clock           | Frequency: N/A       | Target:   0.0 MHz

======================================================================
                     End of Clock Summary
######################################################################

D2088: Phase 6, elapsed time : 0.1 (sec)

Phase 7
######################################################################
                     Clock Summary 
======================================================================
Number of clocks: 14
Clock: ADC_Side_Rangefinder_Ext_CP_Clk | Frequency: N/A       | Target:   1.8 MHz
Clock: ADC_Side_Rangefinder_Ext_CP_Clk(routed) | Frequency: N/A       | Target:   1.8 MHz
Clock: ADC_Side_Rangefinder_theACLK | Frequency: N/A       | Target:   0.5 MHz
Clock: Altimeter_Clock      | Frequency: N/A       | Target:   0.0 MHz
Clock: Clock_Hall           | Frequency:  41.7 MHz | Target:   0.1 MHz
Clock: Clock_Hall(routed)   | Frequency: N/A       | Target:   0.1 MHz
Clock: Clock_Steering       | Frequency:  41.7 MHz | Target:   0.1 MHz
Clock: CyBUS_CLK            | Frequency:  26.6 MHz | Target:  24.0 MHz
Clock: CyBUS_CLK(routed)    | Frequency: N/A       | Target:  24.0 MHz
Clock: CyILO                | Frequency: N/A       | Target:   0.0 MHz
Clock: CyIMO                | Frequency: N/A       | Target:   3.0 MHz
Clock: CyMASTER_CLK         | Frequency: N/A       | Target:  24.0 MHz
Clock: CyPLL_OUT            | Frequency: N/A       | Target:  24.0 MHz
Clock: Wait_Clock           | Frequency: N/A       | Target:   0.0 MHz

======================================================================
                     End of Clock Summary
######################################################################
D2088: Phase 7, elapsed time : 1.4 (sec)

Final Design Statistics
    Number of Combinational MCs 	:	20
    Number of Sequential MCs    	:	22
    Number of DPs               	:	11
    Number of Controls          	:	6
    Number of Status            	:	5
    Number of SyncCells         	:	0
    Number of count7cells       	:	0
    Number of IOs       	:	22

Device Utilization Summary
    Macrocells                  :	42/192
    IOs                         :	22/672



######################################################################
Placement Timing Summary

The timing summary is based on estimated routing delays after
placement. For final timing report, please carry out the timing
analysis after routing.
======================================================================


######################################################################
                     Clock Summary 
======================================================================
Number of clocks: 14
Clock: ADC_Side_Rangefinder_Ext_CP_Clk | Frequency: N/A       | Target:   1.8 MHz
Clock: ADC_Side_Rangefinder_Ext_CP_Clk(routed) | Frequency: N/A       | Target:   1.8 MHz
Clock: ADC_Side_Rangefinder_theACLK | Frequency: N/A       | Target:   0.5 MHz
Clock: Altimeter_Clock      | Frequency: N/A       | Target:   0.0 MHz
Clock: Clock_Hall           | Frequency:  41.7 MHz | Target:   0.1 MHz
Clock: Clock_Hall(routed)   | Frequency: N/A       | Target:   0.1 MHz
Clock: Clock_Steering       | Frequency:  41.7 MHz | Target:   0.1 MHz
Clock: CyBUS_CLK            | Frequency:  27.0 MHz | Target:  26.3 MHz
Clock: CyBUS_CLK(routed)    | Frequency: N/A       | Target:  24.0 MHz
Clock: CyILO                | Frequency: N/A       | Target:   0.0 MHz
Clock: CyIMO                | Frequency: N/A       | Target:   3.0 MHz
Clock: CyMASTER_CLK         | Frequency: N/A       | Target:  24.0 MHz
Clock: CyPLL_OUT            | Frequency: N/A       | Target:  24.0 MHz
Clock: Wait_Clock           | Frequency: N/A       | Target:   0.0 MHz

======================================================================
                     End of Clock Summary
######################################################################

Phase 8
D2088: Phase 8, elapsed time : 0.0 (sec)

D2054: Placement of the design completed successfully

I2076: Total run-time: 2.9 sec.

